<?xml version="1.0" encoding="UTF-8"?>
<!-- Generated by org.testng.reporters.JUnitXMLReporter -->
<testsuite hostname="ChethanBidare-pc" ignored="0" name="Test" tests="14" failures="4" timestamp="09 Oct 2017 06:15:13 GMT" time="670.091" errors="0">
  <testcase name="CheckItemsAddedToCart" time="79.056" classname="com.Ecolite_Web.Ecolite_Sales.TC_001_VerifyItemsAddedIsPresentInCart">
    <failure type="java.lang.IndexOutOfBoundsException" message="Index: 5, Size: 5">
      <![CDATA[java.lang.IndexOutOfBoundsException: Index: 5, Size: 5
	at java.util.ArrayList.rangeCheck(ArrayList.java:653)
	at java.util.ArrayList.get(ArrayList.java:429)
	at com.Ecolite_Web.Ecolite_Sales.TC_001_VerifyItemsAddedIsPresentInCart.CheckItemsAddedToCart(TC_001_VerifyItemsAddedIsPresentInCart.java:50)
... Removed 25 stack frames]]>
    </failure>
  </testcase> <!-- CheckItemsAddedToCart -->
  <testcase name="VerifyCustomerNameInCartPag" time="13.856" classname="com.Ecolite_Web.Ecolite_Sales.TC_002_VerifyCustomerNameInCartPage"/>
  <testcase name="VerifyCustomerNameInCartPag" time="26.397" classname="com.Ecolite_Web.Ecolite_Sales.TC_003_VerifyCustomerNameInCheckOutPage"/>
  <testcase name="VerifyStockAfterSale" time="32.481" classname="com.Ecolite_Web.Ecolite_Sales.TC_004_VerifyStockAfterSale"/>
  <testcase name="VerifyDeleteOptionInCart" time="30.347" classname="com.Ecolite_Web.Ecolite_Sales.TC_005_VerifyDeletionOfItemsInCartPage"/>
  <testcase name="VerifyTotalAmtinCheckOutPage" time="83.599" classname="com.Ecolite_Web.Ecolite_Sales.TC_006_VerifyTotalAmtWithItemPrice">
    <failure type="java.lang.AssertionError" message="expected [1580] but found [1576]">
      <![CDATA[java.lang.AssertionError: expected [1580] but found [1576]
	at com.Ecolite_Web.Ecolite_Sales.TC_006_VerifyTotalAmtWithItemPrice.VerifyTotalAmtinCheckOutPage(TC_006_VerifyTotalAmtWithItemPrice.java:50)
... Removed 31 stack frames]]>
    </failure>
  </testcase> <!-- VerifyTotalAmtinCheckOutPage -->
  <testcase name="TC_007_verifyHighestMRPisDisplayed" time="19.961" classname="com.Ecolite_Web.Ecolite_Sales.TC_007_VerifyHighestMRPisDisplayed"/>
  <testcase name="VerifyItemCount" time="86.494" classname="com.Ecolite_Web.Ecolite_Sales.TC_008_VerifyTotalItemsCount"/>
  <testcase name="VerifyTotalAmount" time="83.229" classname="com.Ecolite_Web.Ecolite_Sales.TC_009_VerifyTotalAmountInCheckOutPage"/>
  <testcase name="VerifyPaymentMode_Cash" time="29.252" classname="com.Ecolite_Web.Ecolite_Sales.TC_010_VerifyPaymentMode_Cash"/>
  <testcase name="VerifyPaymentMode_Card" time="29.801" classname="com.Ecolite_Web.Ecolite_Sales.TC_011_VerifyPaymentMode_Card"/>
  <testcase name="VerifyStockDisplayedIsCorrect" time="20.476" classname="com.Ecolite_Web.Ecolite_Sales.TC_012_VerifyStockDisplayedIsCorrect">
    <failure type="java.lang.AssertionError" message="expected [9903] but found [9913]">
      <![CDATA[java.lang.AssertionError: expected [9903] but found [9913]
	at com.Ecolite_Web.Ecolite_Sales.TC_012_VerifyStockDisplayedIsCorrect.VerifyStockDisplayedIsCorrect(TC_012_VerifyStockDisplayedIsCorrect.java:44)
... Removed 31 stack frames]]>
    </failure>
  </testcase> <!-- VerifyStockDisplayedIsCorrect -->
  <testcase name="VerifyStockDisplayedIsCorrect" time="0.016" classname="com.Ecolite_Web.Ecolite_Sales.TC_012_VerifyStockDisplayedIsCorrect">
    <failure type="org.openqa.selenium.NoSuchElementException" message="no such element: Unable to locate element: {&amp;quot;method&amp;quot;:&amp;quot;id&amp;quot;,&amp;quot;selector&amp;quot;:&amp;quot;mobile&amp;quot;}
  (Session info: chrome=61.0.3163.100)
  (Driver info: chromedriver=2.32.498550 (9dec58e66c31bcc53a9ce3c7226f0c1c5810906a),platform=Windows NT 10.0.15063 x86_64) (WARNING: The server did not provide any stacktrace information)
Command duration or timeout: 16 milliseconds
For documentation on this error, please visit: http://seleniumhq.org/exceptions/no_such_element.html
Build info: version: &amp;apos;2.53.1&amp;apos;, revision: &amp;apos;a36b8b1cd5757287168e54b817830adce9b0158d&amp;apos;, time: &amp;apos;2016-06-30 19:26:09&amp;apos;
System info: host: &amp;apos;ChethanBidare-pc&amp;apos;, ip: &amp;apos;172.16.18.226&amp;apos;, os.name: &amp;apos;Windows 10&amp;apos;, os.arch: &amp;apos;amd64&amp;apos;, os.version: &amp;apos;10.0&amp;apos;, java.version: &amp;apos;1.8.0_144&amp;apos;
Driver info: org.openqa.selenium.chrome.ChromeDriver
Capabilities [{applicationCacheEnabled=false, rotatable=false, mobileEmulationEnabled=false, networkConnectionEnabled=false, chrome={chromedriverVersion=2.32.498550 (9dec58e66c31bcc53a9ce3c7226f0c1c5810906a), userDataDir=C:\Users\User1\AppData\Local\Temp\scoped_dir9540_1445}, takesHeapSnapshot=true, pageLoadStrategy=normal, databaseEnabled=false, handlesAlerts=true, hasTouchScreen=false, version=61.0.3163.100, platform=XP, browserConnectionEnabled=false, nativeEvents=true, acceptSslCerts=true, locationContextEnabled=true, webStorageEnabled=true, browserName=chrome, takesScreenshot=true, javascriptEnabled=true, cssSelectorsEnabled=true, setWindowRect=true, unexpectedAlertBehaviour=}]
Session ID: 8ef54412269c37705088423f59ab52c3
*** Element info: {Using=id, value=mobile}">
      <![CDATA[org.openqa.selenium.NoSuchElementException: no such element: Unable to locate element: {"method":"id","selector":"mobile"}
  (Session info: chrome=61.0.3163.100)
  (Driver info: chromedriver=2.32.498550 (9dec58e66c31bcc53a9ce3c7226f0c1c5810906a),platform=Windows NT 10.0.15063 x86_64) (WARNING: The server did not provide any stacktrace information)
Command duration or timeout: 16 milliseconds
For documentation on this error, please visit: http://seleniumhq.org/exceptions/no_such_element.html
Build info: version: '2.53.1', revision: 'a36b8b1cd5757287168e54b817830adce9b0158d', time: '2016-06-30 19:26:09'
System info: host: 'ChethanBidare-pc', ip: '172.16.18.226', os.name: 'Windows 10', os.arch: 'amd64', os.version: '10.0', java.version: '1.8.0_144'
Driver info: org.openqa.selenium.chrome.ChromeDriver
Capabilities [{applicationCacheEnabled=false, rotatable=false, mobileEmulationEnabled=false, networkConnectionEnabled=false, chrome={chromedriverVersion=2.32.498550 (9dec58e66c31bcc53a9ce3c7226f0c1c5810906a), userDataDir=C:\Users\User1\AppData\Local\Temp\scoped_dir9540_1445}, takesHeapSnapshot=true, pageLoadStrategy=normal, databaseEnabled=false, handlesAlerts=true, hasTouchScreen=false, version=61.0.3163.100, platform=XP, browserConnectionEnabled=false, nativeEvents=true, acceptSslCerts=true, locationContextEnabled=true, webStorageEnabled=true, browserName=chrome, takesScreenshot=true, javascriptEnabled=true, cssSelectorsEnabled=true, setWindowRect=true, unexpectedAlertBehaviour=}]
Session ID: 8ef54412269c37705088423f59ab52c3
*** Element info: {Using=id, value=mobile}
	at org.openqa.selenium.remote.ErrorHandler.createThrowable(ErrorHandler.java:206)
	at org.openqa.selenium.remote.ErrorHandler.throwIfResponseFailed(ErrorHandler.java:158)
	at org.openqa.selenium.remote.RemoteWebDriver.execute(RemoteWebDriver.java:678)
	at org.openqa.selenium.remote.RemoteWebDriver.findElement(RemoteWebDriver.java:363)
	at org.openqa.selenium.remote.RemoteWebDriver.findElementById(RemoteWebDriver.java:413)
	at org.openqa.selenium.By$ById.findElement(By.java:218)
	at org.openqa.selenium.remote.RemoteWebDriver.findElement(RemoteWebDriver.java:355)
	at org.openqa.selenium.support.pagefactory.DefaultElementLocator.findElement(DefaultElementLocator.java:69)
	at org.openqa.selenium.support.pagefactory.internal.LocatingElementHandler.invoke(LocatingElementHandler.java:38)
	at com.sun.proxy.$Proxy10.clear(Unknown Source)
	at com.Ecolite_Web.UI_Actions.LoginPage.LoginIntoApplication(LoginPage.java:43)
	at com.Ecolite_Web.Ecolite_Sales.TC_012_VerifyStockDisplayedIsCorrect.VerifyStockDisplayedIsCorrect(TC_012_VerifyStockDisplayedIsCorrect.java:36)
... Removed 29 stack frames]]>
    </failure>
  </testcase> <!-- VerifyStockDisplayedIsCorrect -->
  <testcase name="VerifyAddNewBatch" time="30.901" classname="com.Ecolite_Web.Ecolite_Sales.TC_013_VerifyAddNewBatch"/>
</testsuite> <!-- Test -->
