<!DOCTYPE html>

<html>
  <head>
  <meta charset='utf-8'>
  <title>TestNG reports</title>

    <link type="text/css" href="testng-reports.css" rel="stylesheet" />
    <script type="text/javascript" src="jquery-1.7.1.min.js"></script>
    <script type="text/javascript" src="testng-reports.js"></script>
    <script type="text/javascript" src="https://www.google.com/jsapi"></script>
    <script type='text/javascript'>
      google.load('visualization', '1', {packages:['table']});
      google.setOnLoadCallback(drawTable);
      var suiteTableInitFunctions = new Array();
      var suiteTableData = new Array();
    </script>
    <!--
      <script type="text/javascript" src="jquery-ui/js/jquery-ui-1.8.16.custom.min.js"></script>
     -->
  </head>

  <body>
    <div class="top-banner-root">
      <span class="top-banner-title-font">Test results</span>
      <br/>
      <span class="top-banner-font-1">1 suite, 16 failed tests</span>
    </div> <!-- top-banner-root -->
    <div class="navigator-root">
      <div class="navigator-suite-header">
        <span>All suites</span>
        <a href="#" class="collapse-all-link" title="Collapse/expand all the suites">
          <img class="collapse-all-icon" src="collapseall.gif">
          </img> <!-- collapse-all-icon -->
        </a> <!-- collapse-all-link -->
      </div> <!-- navigator-suite-header -->
      <div class="suite">
        <div class="rounded-window">
          <div class="suite-header light-rounded-window-top">
            <a href="#" class="navigator-link" panel-name="suite-Sales_Regression_Suite">
              <span class="suite-name border-failed">Sales Regression Suite</span>
            </a> <!-- navigator-link -->
          </div> <!-- suite-header light-rounded-window-top -->
          <div class="navigator-suite-content">
            <div class="suite-section-title">
              <span>Info</span>
            </div> <!-- suite-section-title -->
            <div class="suite-section-content">
              <ul>
                <li>
                  <a href="#" class="navigator-link " panel-name="test-xml-Sales_Regression_Suite">
                    <span>E:\workspace\Ecolite_Web\testng.xml</span>
                  </a> <!-- navigator-link  -->
                </li>
                <li>
                  <a href="#" class="navigator-link " panel-name="testlist-Sales_Regression_Suite">
                    <span class="test-stats">1 test</span>
                  </a> <!-- navigator-link  -->
                </li>
                <li>
                  <a href="#" class="navigator-link " panel-name="group-Sales_Regression_Suite">
                    <span>0 groups</span>
                  </a> <!-- navigator-link  -->
                </li>
                <li>
                  <a href="#" class="navigator-link " panel-name="times-Sales_Regression_Suite">
                    <span>Times</span>
                  </a> <!-- navigator-link  -->
                </li>
                <li>
                  <a href="#" class="navigator-link " panel-name="reporter-Sales_Regression_Suite">
                    <span>Reporter output</span>
                  </a> <!-- navigator-link  -->
                </li>
                <li>
                  <a href="#" class="navigator-link " panel-name="ignored-methods-Sales_Regression_Suite">
                    <span>Ignored methods</span>
                  </a> <!-- navigator-link  -->
                </li>
                <li>
                  <a href="#" class="navigator-link " panel-name="chronological-Sales_Regression_Suite">
                    <span>Chronological view</span>
                  </a> <!-- navigator-link  -->
                </li>
              </ul>
            </div> <!-- suite-section-content -->
            <div class="result-section">
              <div class="suite-section-title">
                <span>Results</span>
              </div> <!-- suite-section-title -->
              <div class="suite-section-content">
                <ul>
                  <li>
                    <span class="method-stats">16 methods, 16 failed,   </span>
                  </li>
                  <li>
                    <span class="method-list-title failed">Failed methods</span>
                    <span class="show-or-hide-methods failed">
                      <a href="#" panel-name="suite-Sales_Regression_Suite" class="hide-methods failed suite-Sales_Regression_Suite"> (hide)</a> <!-- hide-methods failed suite-Sales_Regression_Suite -->
                      <a href="#" panel-name="suite-Sales_Regression_Suite" class="show-methods failed suite-Sales_Regression_Suite"> (show)</a> <!-- show-methods failed suite-Sales_Regression_Suite -->
                    </span>
                    <div class="method-list-content failed suite-Sales_Regression_Suite">
                      <span>
                        <img width="3%" src="failed.png"/>
                        <a href="#" class="method navigator-link" panel-name="suite-Sales_Regression_Suite" title="com.Ecolite_Web.Ecolite_Sales.TC_001_VerifyItemsAddedIsPresentInCart" hash-for-method="CheckItemsAddedToCart">CheckItemsAddedToCart</a> <!-- method navigator-link -->
                      </span>
                      <br/>
                      <span>
                        <img width="3%" src="failed.png"/>
                        <a href="#" class="method navigator-link" panel-name="suite-Sales_Regression_Suite" title="com.Ecolite_Web.Ecolite_Sales.TC_007_VerifyHighestMRPisDisplayed" hash-for-method="TC_007_verifyHighestMRPisDisplayed">TC_007_verifyHighestMRPisDisplayed</a> <!-- method navigator-link -->
                      </span>
                      <br/>
                      <span>
                        <img width="3%" src="failed.png"/>
                        <a href="#" class="method navigator-link" panel-name="suite-Sales_Regression_Suite" title="com.Ecolite_Web.Ecolite_Sales.TC_013_VerifyAddNewBatch" hash-for-method="VerifyAddNewBatch">VerifyAddNewBatch</a> <!-- method navigator-link -->
                      </span>
                      <br/>
                      <span>
                        <img width="3%" src="failed.png"/>
                        <a href="#" class="method navigator-link" panel-name="suite-Sales_Regression_Suite" title="com.Ecolite_Web.Ecolite_Sales.TC_002_VerifyCustomerNameInCartPage" hash-for-method="VerifyCustomerNameInCartPag(8147519664, 000999, VEENA)">VerifyCustomerNameInCartPag(8147519664, 000999, VEENA)</a> <!-- method navigator-link -->
                      </span>
                      <br/>
                      <span>
                        <img width="3%" src="failed.png"/>
                        <a href="#" class="method navigator-link" panel-name="suite-Sales_Regression_Suite" title="com.Ecolite_Web.Ecolite_Sales.TC_003_VerifyCustomerNameInCheckOutPage" hash-for-method="VerifyCustomerNameInCartPag(8147519664, 000999, VEENA)">VerifyCustomerNameInCartPag(8147519664, 000999, VEENA)</a> <!-- method navigator-link -->
                      </span>
                      <br/>
                      <span>
                        <img width="3%" src="failed.png"/>
                        <a href="#" class="method navigator-link" panel-name="suite-Sales_Regression_Suite" title="com.Ecolite_Web.Ecolite_Sales.TC_005_VerifyDeletionOfItemsInCartPage" hash-for-method="VerifyDeleteOptionInCart">VerifyDeleteOptionInCart</a> <!-- method navigator-link -->
                      </span>
                      <br/>
                      <span>
                        <img width="3%" src="failed.png"/>
                        <a href="#" class="method navigator-link" panel-name="suite-Sales_Regression_Suite" title="com.Ecolite_Web.Ecolite_Sales.TC_008_VerifyTotalItemsCount" hash-for-method="VerifyItemCount">VerifyItemCount</a> <!-- method navigator-link -->
                      </span>
                      <br/>
                      <span>
                        <img width="3%" src="failed.png"/>
                        <a href="#" class="method navigator-link" panel-name="suite-Sales_Regression_Suite" title="com.Ecolite_Web.Ecolite_Sales.TC_011_VerifyPaymentMode_Card" hash-for-method="VerifyPaymentMode_Card">VerifyPaymentMode_Card</a> <!-- method navigator-link -->
                      </span>
                      <br/>
                      <span>
                        <img width="3%" src="failed.png"/>
                        <a href="#" class="method navigator-link" panel-name="suite-Sales_Regression_Suite" title="com.Ecolite_Web.Ecolite_Sales.TC_010_VerifyPaymentMode_Cash" hash-for-method="VerifyPaymentMode_Cash">VerifyPaymentMode_Cash</a> <!-- method navigator-link -->
                      </span>
                      <br/>
                      <span>
                        <img width="3%" src="failed.png"/>
                        <a href="#" class="method navigator-link" panel-name="suite-Sales_Regression_Suite" title="com.Ecolite_Web.Ecolite_Sales.TC_015_VerifySalesAfterAddNewBatch" hash-for-method="VerifySalesAfterAddNewBatch">VerifySalesAfterAddNewBatch</a> <!-- method navigator-link -->
                      </span>
                      <br/>
                      <span>
                        <img width="3%" src="failed.png"/>
                        <a href="#" class="method navigator-link" panel-name="suite-Sales_Regression_Suite" title="com.Ecolite_Web.Ecolite_Sales.TC_014_VerifySalesStart" hash-for-method="VerifySalesStart">VerifySalesStart</a> <!-- method navigator-link -->
                      </span>
                      <br/>
                      <span>
                        <img width="3%" src="failed.png"/>
                        <a href="#" class="method navigator-link" panel-name="suite-Sales_Regression_Suite" title="com.Ecolite_Web.Ecolite_Sales.TC_004_VerifyStockAfterSale" hash-for-method="VerifyStockAfterSale">VerifyStockAfterSale</a> <!-- method navigator-link -->
                      </span>
                      <br/>
                      <span>
                        <img width="3%" src="failed.png"/>
                        <a href="#" class="method navigator-link" panel-name="suite-Sales_Regression_Suite" title="com.Ecolite_Web.Ecolite_Sales.TC_012_VerifyStockDisplayedIsCorrect" hash-for-method="VerifyStockDisplayedIsCorrect(ROMSON FLATUS ADULT TUBE, 4)">VerifyStockDisplayedIsCorrect(ROMSON FLATUS ADULT TUBE, 4)</a> <!-- method navigator-link -->
                      </span>
                      <br/>
                      <span>
                        <img width="3%" src="failed.png"/>
                        <a href="#" class="method navigator-link" panel-name="suite-Sales_Regression_Suite" title="com.Ecolite_Web.Ecolite_Sales.TC_012_VerifyStockDisplayedIsCorrect" hash-for-method="VerifyStockDisplayedIsCorrect(Arza 15mg Tab, 2)">VerifyStockDisplayedIsCorrect(Arza 15mg Tab, 2)</a> <!-- method navigator-link -->
                      </span>
                      <br/>
                      <span>
                        <img width="3%" src="failed.png"/>
                        <a href="#" class="method navigator-link" panel-name="suite-Sales_Regression_Suite" title="com.Ecolite_Web.Ecolite_Sales.TC_009_VerifyTotalAmountInCheckOutPage" hash-for-method="VerifyTotalAmount">VerifyTotalAmount</a> <!-- method navigator-link -->
                      </span>
                      <br/>
                      <span>
                        <img width="3%" src="failed.png"/>
                        <a href="#" class="method navigator-link" panel-name="suite-Sales_Regression_Suite" title="com.Ecolite_Web.Ecolite_Sales.TC_006_VerifyTotalAmtWithItemPrice" hash-for-method="VerifyTotalAmtinCheckOutPage">VerifyTotalAmtinCheckOutPage</a> <!-- method navigator-link -->
                      </span>
                      <br/>
                    </div> <!-- method-list-content failed suite-Sales_Regression_Suite -->
                  </li>
                </ul>
              </div> <!-- suite-section-content -->
            </div> <!-- result-section -->
          </div> <!-- navigator-suite-content -->
        </div> <!-- rounded-window -->
      </div> <!-- suite -->
    </div> <!-- navigator-root -->
    <div class="wrapper">
      <div class="main-panel-root">
        <div panel-name="suite-Sales_Regression_Suite" class="panel Sales_Regression_Suite">
          <div class="suite-Sales_Regression_Suite-class-failed">
            <div class="main-panel-header rounded-window-top">
              <img src="failed.png"/>
              <span class="class-name">com.Ecolite_Web.Ecolite_Sales.TC_012_VerifyStockDisplayedIsCorrect</span>
            </div> <!-- main-panel-header rounded-window-top -->
            <div class="main-panel-content rounded-window-bottom">
              <div class="method">
                <div class="method-content">
                  <a name="VerifyStockDisplayedIsCorrect(ROMSON FLATUS ADULT TUBE, 4)">
                  </a> <!-- VerifyStockDisplayedIsCorrect(ROMSON FLATUS ADULT TUBE, 4) -->
                  <span class="method-name">VerifyStockDisplayedIsCorrect</span>
                  <span class="parameters">(ROMSON FLATUS ADULT TUBE, 4)</span>
                  <div class="stack-trace">org.openqa.selenium.NoSuchElementException: no such element: Unable to locate element: {&quot;method&quot;:&quot;id&quot;,&quot;selector&quot;:&quot;new-sale&quot;}
  (Session info: chrome=61.0.3163.100)
  (Driver info: chromedriver=2.32.498550 (9dec58e66c31bcc53a9ce3c7226f0c1c5810906a),platform=Windows NT 10.0.15063 x86_64) (WARNING: The server did not provide any stacktrace information)
Command duration or timeout: 33 milliseconds
For documentation on this error, please visit: http://seleniumhq.org/exceptions/no_such_element.html
Build info: version: &apos;2.53.1&apos;, revision: &apos;a36b8b1cd5757287168e54b817830adce9b0158d&apos;, time: &apos;2016-06-30 19:26:09&apos;
System info: host: &apos;ChethanBidare-pc&apos;, ip: &apos;172.16.18.226&apos;, os.name: &apos;Windows 10&apos;, os.arch: &apos;amd64&apos;, os.version: &apos;10.0&apos;, java.version: &apos;1.8.0_144&apos;
Driver info: org.openqa.selenium.chrome.ChromeDriver
Capabilities [{applicationCacheEnabled=false, rotatable=false, mobileEmulationEnabled=false, networkConnectionEnabled=false, chrome={chromedriverVersion=2.32.498550 (9dec58e66c31bcc53a9ce3c7226f0c1c5810906a), userDataDir=C:\Users\User1\AppData\Local\Temp\scoped_dir8704_16707}, takesHeapSnapshot=true, pageLoadStrategy=normal, databaseEnabled=false, handlesAlerts=true, hasTouchScreen=false, version=61.0.3163.100, platform=XP, browserConnectionEnabled=false, nativeEvents=true, acceptSslCerts=true, locationContextEnabled=true, webStorageEnabled=true, browserName=chrome, takesScreenshot=true, javascriptEnabled=true, cssSelectorsEnabled=true, setWindowRect=true, unexpectedAlertBehaviour=}]
Session ID: 2173ac55ad73ac43d55057f99d7f0bd8
*** Element info: {Using=id, value=new-sale}
	at org.openqa.selenium.remote.ErrorHandler.createThrowable(ErrorHandler.java:206)
	at org.openqa.selenium.remote.ErrorHandler.throwIfResponseFailed(ErrorHandler.java:158)
	at org.openqa.selenium.remote.RemoteWebDriver.execute(RemoteWebDriver.java:678)
	at org.openqa.selenium.remote.RemoteWebDriver.findElement(RemoteWebDriver.java:363)
	at org.openqa.selenium.remote.RemoteWebDriver.findElementById(RemoteWebDriver.java:413)
	at org.openqa.selenium.By$ById.findElement(By.java:218)
	at org.openqa.selenium.remote.RemoteWebDriver.findElement(RemoteWebDriver.java:355)
	at org.openqa.selenium.support.pagefactory.DefaultElementLocator.findElement(DefaultElementLocator.java:69)
	at org.openqa.selenium.support.pagefactory.internal.LocatingElementHandler.invoke(LocatingElementHandler.java:38)
	at com.sun.proxy.$Proxy8.sendKeys(Unknown Source)
	at com.Ecolite_Web.UI_Actions.Dashboard.StartSale(Dashboard.java:97)
	at com.Ecolite_Web.Ecolite_Sales.TC_012_VerifyStockDisplayedIsCorrect.VerifyStockDisplayedIsCorrect(TC_012_VerifyStockDisplayedIsCorrect.java:37)
... Removed 32 stack frames
</div> <!-- stack-trace -->
                </div> <!-- method-content -->
              </div> <!-- method -->
              <div class="method">
                <div class="method-content">
                  <a name="VerifyStockDisplayedIsCorrect(Arza 15mg Tab, 2)">
                  </a> <!-- VerifyStockDisplayedIsCorrect(Arza 15mg Tab, 2) -->
                  <span class="method-name">VerifyStockDisplayedIsCorrect</span>
                  <span class="parameters">(Arza 15mg Tab, 2)</span>
                  <div class="stack-trace">org.openqa.selenium.NoSuchElementException: no such element: Unable to locate element: {&quot;method&quot;:&quot;id&quot;,&quot;selector&quot;:&quot;new-sale&quot;}
  (Session info: chrome=61.0.3163.100)
  (Driver info: chromedriver=2.32.498550 (9dec58e66c31bcc53a9ce3c7226f0c1c5810906a),platform=Windows NT 10.0.15063 x86_64) (WARNING: The server did not provide any stacktrace information)
Command duration or timeout: 16 milliseconds
For documentation on this error, please visit: http://seleniumhq.org/exceptions/no_such_element.html
Build info: version: &apos;2.53.1&apos;, revision: &apos;a36b8b1cd5757287168e54b817830adce9b0158d&apos;, time: &apos;2016-06-30 19:26:09&apos;
System info: host: &apos;ChethanBidare-pc&apos;, ip: &apos;172.16.18.226&apos;, os.name: &apos;Windows 10&apos;, os.arch: &apos;amd64&apos;, os.version: &apos;10.0&apos;, java.version: &apos;1.8.0_144&apos;
Driver info: org.openqa.selenium.chrome.ChromeDriver
Capabilities [{applicationCacheEnabled=false, rotatable=false, mobileEmulationEnabled=false, networkConnectionEnabled=false, chrome={chromedriverVersion=2.32.498550 (9dec58e66c31bcc53a9ce3c7226f0c1c5810906a), userDataDir=C:\Users\User1\AppData\Local\Temp\scoped_dir8704_16707}, takesHeapSnapshot=true, pageLoadStrategy=normal, databaseEnabled=false, handlesAlerts=true, hasTouchScreen=false, version=61.0.3163.100, platform=XP, browserConnectionEnabled=false, nativeEvents=true, acceptSslCerts=true, locationContextEnabled=true, webStorageEnabled=true, browserName=chrome, takesScreenshot=true, javascriptEnabled=true, cssSelectorsEnabled=true, setWindowRect=true, unexpectedAlertBehaviour=}]
Session ID: 2173ac55ad73ac43d55057f99d7f0bd8
*** Element info: {Using=id, value=new-sale}
	at org.openqa.selenium.remote.ErrorHandler.createThrowable(ErrorHandler.java:206)
	at org.openqa.selenium.remote.ErrorHandler.throwIfResponseFailed(ErrorHandler.java:158)
	at org.openqa.selenium.remote.RemoteWebDriver.execute(RemoteWebDriver.java:678)
	at org.openqa.selenium.remote.RemoteWebDriver.findElement(RemoteWebDriver.java:363)
	at org.openqa.selenium.remote.RemoteWebDriver.findElementById(RemoteWebDriver.java:413)
	at org.openqa.selenium.By$ById.findElement(By.java:218)
	at org.openqa.selenium.remote.RemoteWebDriver.findElement(RemoteWebDriver.java:355)
	at org.openqa.selenium.support.pagefactory.DefaultElementLocator.findElement(DefaultElementLocator.java:69)
	at org.openqa.selenium.support.pagefactory.internal.LocatingElementHandler.invoke(LocatingElementHandler.java:38)
	at com.sun.proxy.$Proxy8.sendKeys(Unknown Source)
	at com.Ecolite_Web.UI_Actions.Dashboard.StartSale(Dashboard.java:97)
	at com.Ecolite_Web.Ecolite_Sales.TC_012_VerifyStockDisplayedIsCorrect.VerifyStockDisplayedIsCorrect(TC_012_VerifyStockDisplayedIsCorrect.java:37)
... Removed 32 stack frames
</div> <!-- stack-trace -->
                </div> <!-- method-content -->
              </div> <!-- method -->
            </div> <!-- main-panel-content rounded-window-bottom -->
          </div> <!-- suite-Sales_Regression_Suite-class-failed -->
          <div class="suite-Sales_Regression_Suite-class-failed">
            <div class="main-panel-header rounded-window-top">
              <img src="failed.png"/>
              <span class="class-name">com.Ecolite_Web.Ecolite_Sales.TC_008_VerifyTotalItemsCount</span>
            </div> <!-- main-panel-header rounded-window-top -->
            <div class="main-panel-content rounded-window-bottom">
              <div class="method">
                <div class="method-content">
                  <a name="VerifyItemCount">
                  </a> <!-- VerifyItemCount -->
                  <span class="method-name">VerifyItemCount</span>
                  <div class="stack-trace">org.openqa.selenium.NoSuchElementException: no such element: Unable to locate element: {&quot;method&quot;:&quot;id&quot;,&quot;selector&quot;:&quot;new-sale&quot;}
  (Session info: chrome=61.0.3163.100)
  (Driver info: chromedriver=2.32.498550 (9dec58e66c31bcc53a9ce3c7226f0c1c5810906a),platform=Windows NT 10.0.15063 x86_64) (WARNING: The server did not provide any stacktrace information)
Command duration or timeout: 23 milliseconds
For documentation on this error, please visit: http://seleniumhq.org/exceptions/no_such_element.html
Build info: version: &apos;2.53.1&apos;, revision: &apos;a36b8b1cd5757287168e54b817830adce9b0158d&apos;, time: &apos;2016-06-30 19:26:09&apos;
System info: host: &apos;ChethanBidare-pc&apos;, ip: &apos;172.16.18.226&apos;, os.name: &apos;Windows 10&apos;, os.arch: &apos;amd64&apos;, os.version: &apos;10.0&apos;, java.version: &apos;1.8.0_144&apos;
Driver info: org.openqa.selenium.chrome.ChromeDriver
Capabilities [{applicationCacheEnabled=false, rotatable=false, mobileEmulationEnabled=false, networkConnectionEnabled=false, chrome={chromedriverVersion=2.32.498550 (9dec58e66c31bcc53a9ce3c7226f0c1c5810906a), userDataDir=C:\Users\User1\AppData\Local\Temp\scoped_dir9588_8298}, takesHeapSnapshot=true, pageLoadStrategy=normal, databaseEnabled=false, handlesAlerts=true, hasTouchScreen=false, version=61.0.3163.100, platform=XP, browserConnectionEnabled=false, nativeEvents=true, acceptSslCerts=true, locationContextEnabled=true, webStorageEnabled=true, browserName=chrome, takesScreenshot=true, javascriptEnabled=true, cssSelectorsEnabled=true, setWindowRect=true, unexpectedAlertBehaviour=}]
Session ID: 27966f4cfadd600a908787da51b22e49
*** Element info: {Using=id, value=new-sale}
	at org.openqa.selenium.remote.ErrorHandler.createThrowable(ErrorHandler.java:206)
	at org.openqa.selenium.remote.ErrorHandler.throwIfResponseFailed(ErrorHandler.java:158)
	at org.openqa.selenium.remote.RemoteWebDriver.execute(RemoteWebDriver.java:678)
	at org.openqa.selenium.remote.RemoteWebDriver.findElement(RemoteWebDriver.java:363)
	at org.openqa.selenium.remote.RemoteWebDriver.findElementById(RemoteWebDriver.java:413)
	at org.openqa.selenium.By$ById.findElement(By.java:218)
	at org.openqa.selenium.remote.RemoteWebDriver.findElement(RemoteWebDriver.java:355)
	at org.openqa.selenium.support.pagefactory.DefaultElementLocator.findElement(DefaultElementLocator.java:69)
	at org.openqa.selenium.support.pagefactory.internal.LocatingElementHandler.invoke(LocatingElementHandler.java:38)
	at com.sun.proxy.$Proxy8.sendKeys(Unknown Source)
	at com.Ecolite_Web.UI_Actions.Dashboard.StartSale(Dashboard.java:97)
	at com.Ecolite_Web.Ecolite_Sales.TC_008_VerifyTotalItemsCount.VerifyItemCount(TC_008_VerifyTotalItemsCount.java:32)
... Removed 32 stack frames
</div> <!-- stack-trace -->
                </div> <!-- method-content -->
              </div> <!-- method -->
            </div> <!-- main-panel-content rounded-window-bottom -->
          </div> <!-- suite-Sales_Regression_Suite-class-failed -->
          <div class="suite-Sales_Regression_Suite-class-failed">
            <div class="main-panel-header rounded-window-top">
              <img src="failed.png"/>
              <span class="class-name">com.Ecolite_Web.Ecolite_Sales.TC_004_VerifyStockAfterSale</span>
            </div> <!-- main-panel-header rounded-window-top -->
            <div class="main-panel-content rounded-window-bottom">
              <div class="method">
                <div class="method-content">
                  <a name="VerifyStockAfterSale">
                  </a> <!-- VerifyStockAfterSale -->
                  <span class="method-name">VerifyStockAfterSale</span>
                  <div class="stack-trace">org.openqa.selenium.NoSuchElementException: no such element: Unable to locate element: {&quot;method&quot;:&quot;id&quot;,&quot;selector&quot;:&quot;new-sale&quot;}
  (Session info: chrome=61.0.3163.100)
  (Driver info: chromedriver=2.32.498550 (9dec58e66c31bcc53a9ce3c7226f0c1c5810906a),platform=Windows NT 10.0.15063 x86_64) (WARNING: The server did not provide any stacktrace information)
Command duration or timeout: 34 milliseconds
For documentation on this error, please visit: http://seleniumhq.org/exceptions/no_such_element.html
Build info: version: &apos;2.53.1&apos;, revision: &apos;a36b8b1cd5757287168e54b817830adce9b0158d&apos;, time: &apos;2016-06-30 19:26:09&apos;
System info: host: &apos;ChethanBidare-pc&apos;, ip: &apos;172.16.18.226&apos;, os.name: &apos;Windows 10&apos;, os.arch: &apos;amd64&apos;, os.version: &apos;10.0&apos;, java.version: &apos;1.8.0_144&apos;
Driver info: org.openqa.selenium.chrome.ChromeDriver
Capabilities [{applicationCacheEnabled=false, rotatable=false, mobileEmulationEnabled=false, networkConnectionEnabled=false, chrome={chromedriverVersion=2.32.498550 (9dec58e66c31bcc53a9ce3c7226f0c1c5810906a), userDataDir=C:\Users\User1\AppData\Local\Temp\scoped_dir10548_25136}, takesHeapSnapshot=true, pageLoadStrategy=normal, databaseEnabled=false, handlesAlerts=true, hasTouchScreen=false, version=61.0.3163.100, platform=XP, browserConnectionEnabled=false, nativeEvents=true, acceptSslCerts=true, locationContextEnabled=true, webStorageEnabled=true, browserName=chrome, takesScreenshot=true, javascriptEnabled=true, cssSelectorsEnabled=true, setWindowRect=true, unexpectedAlertBehaviour=}]
Session ID: 4c1c43b6500cc58736c5264ae7eeb04f
*** Element info: {Using=id, value=new-sale}
	at org.openqa.selenium.remote.ErrorHandler.createThrowable(ErrorHandler.java:206)
	at org.openqa.selenium.remote.ErrorHandler.throwIfResponseFailed(ErrorHandler.java:158)
	at org.openqa.selenium.remote.RemoteWebDriver.execute(RemoteWebDriver.java:678)
	at org.openqa.selenium.remote.RemoteWebDriver.findElement(RemoteWebDriver.java:363)
	at org.openqa.selenium.remote.RemoteWebDriver.findElementById(RemoteWebDriver.java:413)
	at org.openqa.selenium.By$ById.findElement(By.java:218)
	at org.openqa.selenium.remote.RemoteWebDriver.findElement(RemoteWebDriver.java:355)
	at org.openqa.selenium.support.pagefactory.DefaultElementLocator.findElement(DefaultElementLocator.java:69)
	at org.openqa.selenium.support.pagefactory.internal.LocatingElementHandler.invoke(LocatingElementHandler.java:38)
	at com.sun.proxy.$Proxy8.sendKeys(Unknown Source)
	at com.Ecolite_Web.UI_Actions.Dashboard.StartSale(Dashboard.java:97)
	at com.Ecolite_Web.Ecolite_Sales.TC_004_VerifyStockAfterSale.VerifyStockAfterSale(TC_004_VerifyStockAfterSale.java:32)
... Removed 32 stack frames
</div> <!-- stack-trace -->
                </div> <!-- method-content -->
              </div> <!-- method -->
            </div> <!-- main-panel-content rounded-window-bottom -->
          </div> <!-- suite-Sales_Regression_Suite-class-failed -->
          <div class="suite-Sales_Regression_Suite-class-failed">
            <div class="main-panel-header rounded-window-top">
              <img src="failed.png"/>
              <span class="class-name">com.Ecolite_Web.Ecolite_Sales.TC_006_VerifyTotalAmtWithItemPrice</span>
            </div> <!-- main-panel-header rounded-window-top -->
            <div class="main-panel-content rounded-window-bottom">
              <div class="method">
                <div class="method-content">
                  <a name="VerifyTotalAmtinCheckOutPage">
                  </a> <!-- VerifyTotalAmtinCheckOutPage -->
                  <span class="method-name">VerifyTotalAmtinCheckOutPage</span>
                  <div class="stack-trace">org.openqa.selenium.NoSuchElementException: no such element: Unable to locate element: {&quot;method&quot;:&quot;id&quot;,&quot;selector&quot;:&quot;new-sale&quot;}
  (Session info: chrome=61.0.3163.100)
  (Driver info: chromedriver=2.32.498550 (9dec58e66c31bcc53a9ce3c7226f0c1c5810906a),platform=Windows NT 10.0.15063 x86_64) (WARNING: The server did not provide any stacktrace information)
Command duration or timeout: 29 milliseconds
For documentation on this error, please visit: http://seleniumhq.org/exceptions/no_such_element.html
Build info: version: &apos;2.53.1&apos;, revision: &apos;a36b8b1cd5757287168e54b817830adce9b0158d&apos;, time: &apos;2016-06-30 19:26:09&apos;
System info: host: &apos;ChethanBidare-pc&apos;, ip: &apos;172.16.18.226&apos;, os.name: &apos;Windows 10&apos;, os.arch: &apos;amd64&apos;, os.version: &apos;10.0&apos;, java.version: &apos;1.8.0_144&apos;
Driver info: org.openqa.selenium.chrome.ChromeDriver
Capabilities [{applicationCacheEnabled=false, rotatable=false, mobileEmulationEnabled=false, networkConnectionEnabled=false, chrome={chromedriverVersion=2.32.498550 (9dec58e66c31bcc53a9ce3c7226f0c1c5810906a), userDataDir=C:\Users\User1\AppData\Local\Temp\scoped_dir10720_17748}, takesHeapSnapshot=true, pageLoadStrategy=normal, databaseEnabled=false, handlesAlerts=true, hasTouchScreen=false, version=61.0.3163.100, platform=XP, browserConnectionEnabled=false, nativeEvents=true, acceptSslCerts=true, locationContextEnabled=true, webStorageEnabled=true, browserName=chrome, takesScreenshot=true, javascriptEnabled=true, cssSelectorsEnabled=true, setWindowRect=true, unexpectedAlertBehaviour=}]
Session ID: d774118a986a8a0d8a02b43fed21ea49
*** Element info: {Using=id, value=new-sale}
	at org.openqa.selenium.remote.ErrorHandler.createThrowable(ErrorHandler.java:206)
	at org.openqa.selenium.remote.ErrorHandler.throwIfResponseFailed(ErrorHandler.java:158)
	at org.openqa.selenium.remote.RemoteWebDriver.execute(RemoteWebDriver.java:678)
	at org.openqa.selenium.remote.RemoteWebDriver.findElement(RemoteWebDriver.java:363)
	at org.openqa.selenium.remote.RemoteWebDriver.findElementById(RemoteWebDriver.java:413)
	at org.openqa.selenium.By$ById.findElement(By.java:218)
	at org.openqa.selenium.remote.RemoteWebDriver.findElement(RemoteWebDriver.java:355)
	at org.openqa.selenium.support.pagefactory.DefaultElementLocator.findElement(DefaultElementLocator.java:69)
	at org.openqa.selenium.support.pagefactory.internal.LocatingElementHandler.invoke(LocatingElementHandler.java:38)
	at com.sun.proxy.$Proxy8.sendKeys(Unknown Source)
	at com.Ecolite_Web.UI_Actions.Dashboard.StartSale(Dashboard.java:97)
	at com.Ecolite_Web.Ecolite_Sales.TC_006_VerifyTotalAmtWithItemPrice.VerifyTotalAmtinCheckOutPage(TC_006_VerifyTotalAmtWithItemPrice.java:32)
... Removed 32 stack frames
</div> <!-- stack-trace -->
                </div> <!-- method-content -->
              </div> <!-- method -->
            </div> <!-- main-panel-content rounded-window-bottom -->
          </div> <!-- suite-Sales_Regression_Suite-class-failed -->
          <div class="suite-Sales_Regression_Suite-class-failed">
            <div class="main-panel-header rounded-window-top">
              <img src="failed.png"/>
              <span class="class-name">com.Ecolite_Web.Ecolite_Sales.TC_015_VerifySalesAfterAddNewBatch</span>
            </div> <!-- main-panel-header rounded-window-top -->
            <div class="main-panel-content rounded-window-bottom">
              <div class="method">
                <div class="method-content">
                  <a name="VerifySalesAfterAddNewBatch">
                  </a> <!-- VerifySalesAfterAddNewBatch -->
                  <span class="method-name">VerifySalesAfterAddNewBatch</span>
                  <div class="stack-trace">org.openqa.selenium.NoSuchElementException: no such element: Unable to locate element: {&quot;method&quot;:&quot;id&quot;,&quot;selector&quot;:&quot;new-sale&quot;}
  (Session info: chrome=61.0.3163.100)
  (Driver info: chromedriver=2.32.498550 (9dec58e66c31bcc53a9ce3c7226f0c1c5810906a),platform=Windows NT 10.0.15063 x86_64) (WARNING: The server did not provide any stacktrace information)
Command duration or timeout: 30 milliseconds
For documentation on this error, please visit: http://seleniumhq.org/exceptions/no_such_element.html
Build info: version: &apos;2.53.1&apos;, revision: &apos;a36b8b1cd5757287168e54b817830adce9b0158d&apos;, time: &apos;2016-06-30 19:26:09&apos;
System info: host: &apos;ChethanBidare-pc&apos;, ip: &apos;172.16.18.226&apos;, os.name: &apos;Windows 10&apos;, os.arch: &apos;amd64&apos;, os.version: &apos;10.0&apos;, java.version: &apos;1.8.0_144&apos;
Driver info: org.openqa.selenium.chrome.ChromeDriver
Capabilities [{applicationCacheEnabled=false, rotatable=false, mobileEmulationEnabled=false, networkConnectionEnabled=false, chrome={chromedriverVersion=2.32.498550 (9dec58e66c31bcc53a9ce3c7226f0c1c5810906a), userDataDir=C:\Users\User1\AppData\Local\Temp\scoped_dir9704_8077}, takesHeapSnapshot=true, pageLoadStrategy=normal, databaseEnabled=false, handlesAlerts=true, hasTouchScreen=false, version=61.0.3163.100, platform=XP, browserConnectionEnabled=false, nativeEvents=true, acceptSslCerts=true, locationContextEnabled=true, webStorageEnabled=true, browserName=chrome, takesScreenshot=true, javascriptEnabled=true, cssSelectorsEnabled=true, setWindowRect=true, unexpectedAlertBehaviour=}]
Session ID: ea6f9a0ee226984408217a1e11d611c1
*** Element info: {Using=id, value=new-sale}
	at org.openqa.selenium.remote.ErrorHandler.createThrowable(ErrorHandler.java:206)
	at org.openqa.selenium.remote.ErrorHandler.throwIfResponseFailed(ErrorHandler.java:158)
	at org.openqa.selenium.remote.RemoteWebDriver.execute(RemoteWebDriver.java:678)
	at org.openqa.selenium.remote.RemoteWebDriver.findElement(RemoteWebDriver.java:363)
	at org.openqa.selenium.remote.RemoteWebDriver.findElementById(RemoteWebDriver.java:413)
	at org.openqa.selenium.By$ById.findElement(By.java:218)
	at org.openqa.selenium.remote.RemoteWebDriver.findElement(RemoteWebDriver.java:355)
	at org.openqa.selenium.support.pagefactory.DefaultElementLocator.findElement(DefaultElementLocator.java:69)
	at org.openqa.selenium.support.pagefactory.internal.LocatingElementHandler.invoke(LocatingElementHandler.java:38)
	at com.sun.proxy.$Proxy8.sendKeys(Unknown Source)
	at com.Ecolite_Web.UI_Actions.Dashboard.StartSale(Dashboard.java:97)
	at com.Ecolite_Web.Ecolite_Sales.TC_015_VerifySalesAfterAddNewBatch.VerifySalesAfterAddNewBatch(TC_015_VerifySalesAfterAddNewBatch.java:32)
... Removed 32 stack frames
</div> <!-- stack-trace -->
                </div> <!-- method-content -->
              </div> <!-- method -->
            </div> <!-- main-panel-content rounded-window-bottom -->
          </div> <!-- suite-Sales_Regression_Suite-class-failed -->
          <div class="suite-Sales_Regression_Suite-class-failed">
            <div class="main-panel-header rounded-window-top">
              <img src="failed.png"/>
              <span class="class-name">com.Ecolite_Web.Ecolite_Sales.TC_001_VerifyItemsAddedIsPresentInCart</span>
            </div> <!-- main-panel-header rounded-window-top -->
            <div class="main-panel-content rounded-window-bottom">
              <div class="method">
                <div class="method-content">
                  <a name="CheckItemsAddedToCart">
                  </a> <!-- CheckItemsAddedToCart -->
                  <span class="method-name">CheckItemsAddedToCart</span>
                  <div class="stack-trace">org.openqa.selenium.NoSuchElementException: no such element: Unable to locate element: {&quot;method&quot;:&quot;id&quot;,&quot;selector&quot;:&quot;new-sale&quot;}
  (Session info: chrome=61.0.3163.100)
  (Driver info: chromedriver=2.32.498550 (9dec58e66c31bcc53a9ce3c7226f0c1c5810906a),platform=Windows NT 10.0.15063 x86_64) (WARNING: The server did not provide any stacktrace information)
Command duration or timeout: 35 milliseconds
For documentation on this error, please visit: http://seleniumhq.org/exceptions/no_such_element.html
Build info: version: &apos;2.53.1&apos;, revision: &apos;a36b8b1cd5757287168e54b817830adce9b0158d&apos;, time: &apos;2016-06-30 19:26:09&apos;
System info: host: &apos;ChethanBidare-pc&apos;, ip: &apos;172.16.18.226&apos;, os.name: &apos;Windows 10&apos;, os.arch: &apos;amd64&apos;, os.version: &apos;10.0&apos;, java.version: &apos;1.8.0_144&apos;
Driver info: org.openqa.selenium.chrome.ChromeDriver
Capabilities [{applicationCacheEnabled=false, rotatable=false, mobileEmulationEnabled=false, networkConnectionEnabled=false, chrome={chromedriverVersion=2.32.498550 (9dec58e66c31bcc53a9ce3c7226f0c1c5810906a), userDataDir=C:\Users\User1\AppData\Local\Temp\scoped_dir9796_24546}, takesHeapSnapshot=true, pageLoadStrategy=normal, databaseEnabled=false, handlesAlerts=true, hasTouchScreen=false, version=61.0.3163.100, platform=XP, browserConnectionEnabled=false, nativeEvents=true, acceptSslCerts=true, locationContextEnabled=true, webStorageEnabled=true, browserName=chrome, takesScreenshot=true, javascriptEnabled=true, cssSelectorsEnabled=true, setWindowRect=true, unexpectedAlertBehaviour=}]
Session ID: a0be779d1403926f64617e4c5ad789b9
*** Element info: {Using=id, value=new-sale}
	at org.openqa.selenium.remote.ErrorHandler.createThrowable(ErrorHandler.java:206)
	at org.openqa.selenium.remote.ErrorHandler.throwIfResponseFailed(ErrorHandler.java:158)
	at org.openqa.selenium.remote.RemoteWebDriver.execute(RemoteWebDriver.java:678)
	at org.openqa.selenium.remote.RemoteWebDriver.findElement(RemoteWebDriver.java:363)
	at org.openqa.selenium.remote.RemoteWebDriver.findElementById(RemoteWebDriver.java:413)
	at org.openqa.selenium.By$ById.findElement(By.java:218)
	at org.openqa.selenium.remote.RemoteWebDriver.findElement(RemoteWebDriver.java:355)
	at org.openqa.selenium.support.pagefactory.DefaultElementLocator.findElement(DefaultElementLocator.java:69)
	at org.openqa.selenium.support.pagefactory.internal.LocatingElementHandler.invoke(LocatingElementHandler.java:38)
	at com.sun.proxy.$Proxy8.sendKeys(Unknown Source)
	at com.Ecolite_Web.UI_Actions.Dashboard.StartSale(Dashboard.java:97)
	at com.Ecolite_Web.Ecolite_Sales.TC_001_VerifyItemsAddedIsPresentInCart.CheckItemsAddedToCart(TC_001_VerifyItemsAddedIsPresentInCart.java:32)
... Removed 32 stack frames
</div> <!-- stack-trace -->
                </div> <!-- method-content -->
              </div> <!-- method -->
            </div> <!-- main-panel-content rounded-window-bottom -->
          </div> <!-- suite-Sales_Regression_Suite-class-failed -->
          <div class="suite-Sales_Regression_Suite-class-failed">
            <div class="main-panel-header rounded-window-top">
              <img src="failed.png"/>
              <span class="class-name">com.Ecolite_Web.Ecolite_Sales.TC_011_VerifyPaymentMode_Card</span>
            </div> <!-- main-panel-header rounded-window-top -->
            <div class="main-panel-content rounded-window-bottom">
              <div class="method">
                <div class="method-content">
                  <a name="VerifyPaymentMode_Card">
                  </a> <!-- VerifyPaymentMode_Card -->
                  <span class="method-name">VerifyPaymentMode_Card</span>
                  <div class="stack-trace">org.openqa.selenium.NoSuchElementException: no such element: Unable to locate element: {&quot;method&quot;:&quot;id&quot;,&quot;selector&quot;:&quot;new-sale&quot;}
  (Session info: chrome=61.0.3163.100)
  (Driver info: chromedriver=2.32.498550 (9dec58e66c31bcc53a9ce3c7226f0c1c5810906a),platform=Windows NT 10.0.15063 x86_64) (WARNING: The server did not provide any stacktrace information)
Command duration or timeout: 28 milliseconds
For documentation on this error, please visit: http://seleniumhq.org/exceptions/no_such_element.html
Build info: version: &apos;2.53.1&apos;, revision: &apos;a36b8b1cd5757287168e54b817830adce9b0158d&apos;, time: &apos;2016-06-30 19:26:09&apos;
System info: host: &apos;ChethanBidare-pc&apos;, ip: &apos;172.16.18.226&apos;, os.name: &apos;Windows 10&apos;, os.arch: &apos;amd64&apos;, os.version: &apos;10.0&apos;, java.version: &apos;1.8.0_144&apos;
Driver info: org.openqa.selenium.chrome.ChromeDriver
Capabilities [{applicationCacheEnabled=false, rotatable=false, mobileEmulationEnabled=false, networkConnectionEnabled=false, chrome={chromedriverVersion=2.32.498550 (9dec58e66c31bcc53a9ce3c7226f0c1c5810906a), userDataDir=C:\Users\User1\AppData\Local\Temp\scoped_dir1688_14505}, takesHeapSnapshot=true, pageLoadStrategy=normal, databaseEnabled=false, handlesAlerts=true, hasTouchScreen=false, version=61.0.3163.100, platform=XP, browserConnectionEnabled=false, nativeEvents=true, acceptSslCerts=true, locationContextEnabled=true, webStorageEnabled=true, browserName=chrome, takesScreenshot=true, javascriptEnabled=true, cssSelectorsEnabled=true, setWindowRect=true, unexpectedAlertBehaviour=}]
Session ID: 28332942ded631610e2bf81fb84976e0
*** Element info: {Using=id, value=new-sale}
	at org.openqa.selenium.remote.ErrorHandler.createThrowable(ErrorHandler.java:206)
	at org.openqa.selenium.remote.ErrorHandler.throwIfResponseFailed(ErrorHandler.java:158)
	at org.openqa.selenium.remote.RemoteWebDriver.execute(RemoteWebDriver.java:678)
	at org.openqa.selenium.remote.RemoteWebDriver.findElement(RemoteWebDriver.java:363)
	at org.openqa.selenium.remote.RemoteWebDriver.findElementById(RemoteWebDriver.java:413)
	at org.openqa.selenium.By$ById.findElement(By.java:218)
	at org.openqa.selenium.remote.RemoteWebDriver.findElement(RemoteWebDriver.java:355)
	at org.openqa.selenium.support.pagefactory.DefaultElementLocator.findElement(DefaultElementLocator.java:69)
	at org.openqa.selenium.support.pagefactory.internal.LocatingElementHandler.invoke(LocatingElementHandler.java:38)
	at com.sun.proxy.$Proxy8.sendKeys(Unknown Source)
	at com.Ecolite_Web.UI_Actions.Dashboard.StartSale(Dashboard.java:97)
	at com.Ecolite_Web.Ecolite_Sales.TC_011_VerifyPaymentMode_Card.VerifyPaymentMode_Card(TC_011_VerifyPaymentMode_Card.java:32)
... Removed 32 stack frames
</div> <!-- stack-trace -->
                </div> <!-- method-content -->
              </div> <!-- method -->
            </div> <!-- main-panel-content rounded-window-bottom -->
          </div> <!-- suite-Sales_Regression_Suite-class-failed -->
          <div class="suite-Sales_Regression_Suite-class-failed">
            <div class="main-panel-header rounded-window-top">
              <img src="failed.png"/>
              <span class="class-name">com.Ecolite_Web.Ecolite_Sales.TC_009_VerifyTotalAmountInCheckOutPage</span>
            </div> <!-- main-panel-header rounded-window-top -->
            <div class="main-panel-content rounded-window-bottom">
              <div class="method">
                <div class="method-content">
                  <a name="VerifyTotalAmount">
                  </a> <!-- VerifyTotalAmount -->
                  <span class="method-name">VerifyTotalAmount</span>
                  <div class="stack-trace">org.openqa.selenium.NoSuchElementException: no such element: Unable to locate element: {&quot;method&quot;:&quot;id&quot;,&quot;selector&quot;:&quot;new-sale&quot;}
  (Session info: chrome=61.0.3163.100)
  (Driver info: chromedriver=2.32.498550 (9dec58e66c31bcc53a9ce3c7226f0c1c5810906a),platform=Windows NT 10.0.15063 x86_64) (WARNING: The server did not provide any stacktrace information)
Command duration or timeout: 37 milliseconds
For documentation on this error, please visit: http://seleniumhq.org/exceptions/no_such_element.html
Build info: version: &apos;2.53.1&apos;, revision: &apos;a36b8b1cd5757287168e54b817830adce9b0158d&apos;, time: &apos;2016-06-30 19:26:09&apos;
System info: host: &apos;ChethanBidare-pc&apos;, ip: &apos;172.16.18.226&apos;, os.name: &apos;Windows 10&apos;, os.arch: &apos;amd64&apos;, os.version: &apos;10.0&apos;, java.version: &apos;1.8.0_144&apos;
Driver info: org.openqa.selenium.chrome.ChromeDriver
Capabilities [{applicationCacheEnabled=false, rotatable=false, mobileEmulationEnabled=false, networkConnectionEnabled=false, chrome={chromedriverVersion=2.32.498550 (9dec58e66c31bcc53a9ce3c7226f0c1c5810906a), userDataDir=C:\Users\User1\AppData\Local\Temp\scoped_dir7996_2899}, takesHeapSnapshot=true, pageLoadStrategy=normal, databaseEnabled=false, handlesAlerts=true, hasTouchScreen=false, version=61.0.3163.100, platform=XP, browserConnectionEnabled=false, nativeEvents=true, acceptSslCerts=true, locationContextEnabled=true, webStorageEnabled=true, browserName=chrome, takesScreenshot=true, javascriptEnabled=true, cssSelectorsEnabled=true, setWindowRect=true, unexpectedAlertBehaviour=}]
Session ID: eb52b8a0e7a0efeb2d178d297d1e5b98
*** Element info: {Using=id, value=new-sale}
	at org.openqa.selenium.remote.ErrorHandler.createThrowable(ErrorHandler.java:206)
	at org.openqa.selenium.remote.ErrorHandler.throwIfResponseFailed(ErrorHandler.java:158)
	at org.openqa.selenium.remote.RemoteWebDriver.execute(RemoteWebDriver.java:678)
	at org.openqa.selenium.remote.RemoteWebDriver.findElement(RemoteWebDriver.java:363)
	at org.openqa.selenium.remote.RemoteWebDriver.findElementById(RemoteWebDriver.java:413)
	at org.openqa.selenium.By$ById.findElement(By.java:218)
	at org.openqa.selenium.remote.RemoteWebDriver.findElement(RemoteWebDriver.java:355)
	at org.openqa.selenium.support.pagefactory.DefaultElementLocator.findElement(DefaultElementLocator.java:69)
	at org.openqa.selenium.support.pagefactory.internal.LocatingElementHandler.invoke(LocatingElementHandler.java:38)
	at com.sun.proxy.$Proxy8.sendKeys(Unknown Source)
	at com.Ecolite_Web.UI_Actions.Dashboard.StartSale(Dashboard.java:97)
	at com.Ecolite_Web.Ecolite_Sales.TC_009_VerifyTotalAmountInCheckOutPage.VerifyTotalAmount(TC_009_VerifyTotalAmountInCheckOutPage.java:32)
... Removed 32 stack frames
</div> <!-- stack-trace -->
                </div> <!-- method-content -->
              </div> <!-- method -->
            </div> <!-- main-panel-content rounded-window-bottom -->
          </div> <!-- suite-Sales_Regression_Suite-class-failed -->
          <div class="suite-Sales_Regression_Suite-class-failed">
            <div class="main-panel-header rounded-window-top">
              <img src="failed.png"/>
              <span class="class-name">com.Ecolite_Web.Ecolite_Sales.TC_010_VerifyPaymentMode_Cash</span>
            </div> <!-- main-panel-header rounded-window-top -->
            <div class="main-panel-content rounded-window-bottom">
              <div class="method">
                <div class="method-content">
                  <a name="VerifyPaymentMode_Cash">
                  </a> <!-- VerifyPaymentMode_Cash -->
                  <span class="method-name">VerifyPaymentMode_Cash</span>
                  <div class="stack-trace">org.openqa.selenium.NoSuchElementException: no such element: Unable to locate element: {&quot;method&quot;:&quot;id&quot;,&quot;selector&quot;:&quot;new-sale&quot;}
  (Session info: chrome=61.0.3163.100)
  (Driver info: chromedriver=2.32.498550 (9dec58e66c31bcc53a9ce3c7226f0c1c5810906a),platform=Windows NT 10.0.15063 x86_64) (WARNING: The server did not provide any stacktrace information)
Command duration or timeout: 31 milliseconds
For documentation on this error, please visit: http://seleniumhq.org/exceptions/no_such_element.html
Build info: version: &apos;2.53.1&apos;, revision: &apos;a36b8b1cd5757287168e54b817830adce9b0158d&apos;, time: &apos;2016-06-30 19:26:09&apos;
System info: host: &apos;ChethanBidare-pc&apos;, ip: &apos;172.16.18.226&apos;, os.name: &apos;Windows 10&apos;, os.arch: &apos;amd64&apos;, os.version: &apos;10.0&apos;, java.version: &apos;1.8.0_144&apos;
Driver info: org.openqa.selenium.chrome.ChromeDriver
Capabilities [{applicationCacheEnabled=false, rotatable=false, mobileEmulationEnabled=false, networkConnectionEnabled=false, chrome={chromedriverVersion=2.32.498550 (9dec58e66c31bcc53a9ce3c7226f0c1c5810906a), userDataDir=C:\Users\User1\AppData\Local\Temp\scoped_dir844_9890}, takesHeapSnapshot=true, pageLoadStrategy=normal, databaseEnabled=false, handlesAlerts=true, hasTouchScreen=false, version=61.0.3163.100, platform=XP, browserConnectionEnabled=false, nativeEvents=true, acceptSslCerts=true, locationContextEnabled=true, webStorageEnabled=true, browserName=chrome, takesScreenshot=true, javascriptEnabled=true, cssSelectorsEnabled=true, setWindowRect=true, unexpectedAlertBehaviour=}]
Session ID: 2a326878abf1f073eb92ab222531c8a2
*** Element info: {Using=id, value=new-sale}
	at org.openqa.selenium.remote.ErrorHandler.createThrowable(ErrorHandler.java:206)
	at org.openqa.selenium.remote.ErrorHandler.throwIfResponseFailed(ErrorHandler.java:158)
	at org.openqa.selenium.remote.RemoteWebDriver.execute(RemoteWebDriver.java:678)
	at org.openqa.selenium.remote.RemoteWebDriver.findElement(RemoteWebDriver.java:363)
	at org.openqa.selenium.remote.RemoteWebDriver.findElementById(RemoteWebDriver.java:413)
	at org.openqa.selenium.By$ById.findElement(By.java:218)
	at org.openqa.selenium.remote.RemoteWebDriver.findElement(RemoteWebDriver.java:355)
	at org.openqa.selenium.support.pagefactory.DefaultElementLocator.findElement(DefaultElementLocator.java:69)
	at org.openqa.selenium.support.pagefactory.internal.LocatingElementHandler.invoke(LocatingElementHandler.java:38)
	at com.sun.proxy.$Proxy8.sendKeys(Unknown Source)
	at com.Ecolite_Web.UI_Actions.Dashboard.StartSale(Dashboard.java:97)
	at com.Ecolite_Web.Ecolite_Sales.TC_010_VerifyPaymentMode_Cash.VerifyPaymentMode_Cash(TC_010_VerifyPaymentMode_Cash.java:32)
... Removed 32 stack frames
</div> <!-- stack-trace -->
                </div> <!-- method-content -->
              </div> <!-- method -->
            </div> <!-- main-panel-content rounded-window-bottom -->
          </div> <!-- suite-Sales_Regression_Suite-class-failed -->
          <div class="suite-Sales_Regression_Suite-class-failed">
            <div class="main-panel-header rounded-window-top">
              <img src="failed.png"/>
              <span class="class-name">com.Ecolite_Web.Ecolite_Sales.TC_003_VerifyCustomerNameInCheckOutPage</span>
            </div> <!-- main-panel-header rounded-window-top -->
            <div class="main-panel-content rounded-window-bottom">
              <div class="method">
                <div class="method-content">
                  <a name="VerifyCustomerNameInCartPag(8147519664, 000999, VEENA)">
                  </a> <!-- VerifyCustomerNameInCartPag(8147519664, 000999, VEENA) -->
                  <span class="method-name">VerifyCustomerNameInCartPag</span>
                  <span class="parameters">(8147519664, 000999, VEENA)</span>
                  <div class="stack-trace">org.openqa.selenium.NoSuchElementException: no such element: Unable to locate element: {&quot;method&quot;:&quot;id&quot;,&quot;selector&quot;:&quot;new-sale&quot;}
  (Session info: chrome=61.0.3163.100)
  (Driver info: chromedriver=2.32.498550 (9dec58e66c31bcc53a9ce3c7226f0c1c5810906a),platform=Windows NT 10.0.15063 x86_64) (WARNING: The server did not provide any stacktrace information)
Command duration or timeout: 26 milliseconds
For documentation on this error, please visit: http://seleniumhq.org/exceptions/no_such_element.html
Build info: version: &apos;2.53.1&apos;, revision: &apos;a36b8b1cd5757287168e54b817830adce9b0158d&apos;, time: &apos;2016-06-30 19:26:09&apos;
System info: host: &apos;ChethanBidare-pc&apos;, ip: &apos;172.16.18.226&apos;, os.name: &apos;Windows 10&apos;, os.arch: &apos;amd64&apos;, os.version: &apos;10.0&apos;, java.version: &apos;1.8.0_144&apos;
Driver info: org.openqa.selenium.chrome.ChromeDriver
Capabilities [{applicationCacheEnabled=false, rotatable=false, mobileEmulationEnabled=false, networkConnectionEnabled=false, chrome={chromedriverVersion=2.32.498550 (9dec58e66c31bcc53a9ce3c7226f0c1c5810906a), userDataDir=C:\Users\User1\AppData\Local\Temp\scoped_dir1552_11491}, takesHeapSnapshot=true, pageLoadStrategy=normal, databaseEnabled=false, handlesAlerts=true, hasTouchScreen=false, version=61.0.3163.100, platform=XP, browserConnectionEnabled=false, nativeEvents=true, acceptSslCerts=true, locationContextEnabled=true, webStorageEnabled=true, browserName=chrome, takesScreenshot=true, javascriptEnabled=true, cssSelectorsEnabled=true, setWindowRect=true, unexpectedAlertBehaviour=}]
Session ID: c97f32741d4a91be96da670a31e65423
*** Element info: {Using=id, value=new-sale}
	at org.openqa.selenium.remote.ErrorHandler.createThrowable(ErrorHandler.java:206)
	at org.openqa.selenium.remote.ErrorHandler.throwIfResponseFailed(ErrorHandler.java:158)
	at org.openqa.selenium.remote.RemoteWebDriver.execute(RemoteWebDriver.java:678)
	at org.openqa.selenium.remote.RemoteWebDriver.findElement(RemoteWebDriver.java:363)
	at org.openqa.selenium.remote.RemoteWebDriver.findElementById(RemoteWebDriver.java:413)
	at org.openqa.selenium.By$ById.findElement(By.java:218)
	at org.openqa.selenium.remote.RemoteWebDriver.findElement(RemoteWebDriver.java:355)
	at org.openqa.selenium.support.pagefactory.DefaultElementLocator.findElement(DefaultElementLocator.java:69)
	at org.openqa.selenium.support.pagefactory.internal.LocatingElementHandler.invoke(LocatingElementHandler.java:38)
	at com.sun.proxy.$Proxy8.sendKeys(Unknown Source)
	at com.Ecolite_Web.UI_Actions.Dashboard.StartSale(Dashboard.java:97)
	at com.Ecolite_Web.Ecolite_Sales.TC_003_VerifyCustomerNameInCheckOutPage.VerifyCustomerNameInCartPag(TC_003_VerifyCustomerNameInCheckOutPage.java:40)
... Removed 32 stack frames
</div> <!-- stack-trace -->
                </div> <!-- method-content -->
              </div> <!-- method -->
            </div> <!-- main-panel-content rounded-window-bottom -->
          </div> <!-- suite-Sales_Regression_Suite-class-failed -->
          <div class="suite-Sales_Regression_Suite-class-failed">
            <div class="main-panel-header rounded-window-top">
              <img src="failed.png"/>
              <span class="class-name">com.Ecolite_Web.Ecolite_Sales.TC_002_VerifyCustomerNameInCartPage</span>
            </div> <!-- main-panel-header rounded-window-top -->
            <div class="main-panel-content rounded-window-bottom">
              <div class="method">
                <div class="method-content">
                  <a name="VerifyCustomerNameInCartPag(8147519664, 000999, VEENA)">
                  </a> <!-- VerifyCustomerNameInCartPag(8147519664, 000999, VEENA) -->
                  <span class="method-name">VerifyCustomerNameInCartPag</span>
                  <span class="parameters">(8147519664, 000999, VEENA)</span>
                  <div class="stack-trace">org.openqa.selenium.NoSuchElementException: no such element: Unable to locate element: {&quot;method&quot;:&quot;id&quot;,&quot;selector&quot;:&quot;new-sale&quot;}
  (Session info: chrome=61.0.3163.100)
  (Driver info: chromedriver=2.32.498550 (9dec58e66c31bcc53a9ce3c7226f0c1c5810906a),platform=Windows NT 10.0.15063 x86_64) (WARNING: The server did not provide any stacktrace information)
Command duration or timeout: 25 milliseconds
For documentation on this error, please visit: http://seleniumhq.org/exceptions/no_such_element.html
Build info: version: &apos;2.53.1&apos;, revision: &apos;a36b8b1cd5757287168e54b817830adce9b0158d&apos;, time: &apos;2016-06-30 19:26:09&apos;
System info: host: &apos;ChethanBidare-pc&apos;, ip: &apos;172.16.18.226&apos;, os.name: &apos;Windows 10&apos;, os.arch: &apos;amd64&apos;, os.version: &apos;10.0&apos;, java.version: &apos;1.8.0_144&apos;
Driver info: org.openqa.selenium.chrome.ChromeDriver
Capabilities [{applicationCacheEnabled=false, rotatable=false, mobileEmulationEnabled=false, networkConnectionEnabled=false, chrome={chromedriverVersion=2.32.498550 (9dec58e66c31bcc53a9ce3c7226f0c1c5810906a), userDataDir=C:\Users\User1\AppData\Local\Temp\scoped_dir9840_1061}, takesHeapSnapshot=true, pageLoadStrategy=normal, databaseEnabled=false, handlesAlerts=true, hasTouchScreen=false, version=61.0.3163.100, platform=XP, browserConnectionEnabled=false, nativeEvents=true, acceptSslCerts=true, locationContextEnabled=true, webStorageEnabled=true, browserName=chrome, takesScreenshot=true, javascriptEnabled=true, cssSelectorsEnabled=true, setWindowRect=true, unexpectedAlertBehaviour=}]
Session ID: 929a1ca865eeeecb2977d0029ce2f565
*** Element info: {Using=id, value=new-sale}
	at org.openqa.selenium.remote.ErrorHandler.createThrowable(ErrorHandler.java:206)
	at org.openqa.selenium.remote.ErrorHandler.throwIfResponseFailed(ErrorHandler.java:158)
	at org.openqa.selenium.remote.RemoteWebDriver.execute(RemoteWebDriver.java:678)
	at org.openqa.selenium.remote.RemoteWebDriver.findElement(RemoteWebDriver.java:363)
	at org.openqa.selenium.remote.RemoteWebDriver.findElementById(RemoteWebDriver.java:413)
	at org.openqa.selenium.By$ById.findElement(By.java:218)
	at org.openqa.selenium.remote.RemoteWebDriver.findElement(RemoteWebDriver.java:355)
	at org.openqa.selenium.support.pagefactory.DefaultElementLocator.findElement(DefaultElementLocator.java:69)
	at org.openqa.selenium.support.pagefactory.internal.LocatingElementHandler.invoke(LocatingElementHandler.java:38)
	at com.sun.proxy.$Proxy8.sendKeys(Unknown Source)
	at com.Ecolite_Web.UI_Actions.Dashboard.StartSale(Dashboard.java:97)
	at com.Ecolite_Web.Ecolite_Sales.TC_002_VerifyCustomerNameInCartPage.VerifyCustomerNameInCartPag(TC_002_VerifyCustomerNameInCartPage.java:39)
... Removed 32 stack frames
</div> <!-- stack-trace -->
                </div> <!-- method-content -->
              </div> <!-- method -->
            </div> <!-- main-panel-content rounded-window-bottom -->
          </div> <!-- suite-Sales_Regression_Suite-class-failed -->
          <div class="suite-Sales_Regression_Suite-class-failed">
            <div class="main-panel-header rounded-window-top">
              <img src="failed.png"/>
              <span class="class-name">com.Ecolite_Web.Ecolite_Sales.TC_013_VerifyAddNewBatch</span>
            </div> <!-- main-panel-header rounded-window-top -->
            <div class="main-panel-content rounded-window-bottom">
              <div class="method">
                <div class="method-content">
                  <a name="VerifyAddNewBatch">
                  </a> <!-- VerifyAddNewBatch -->
                  <span class="method-name">VerifyAddNewBatch</span>
                  <div class="stack-trace">org.openqa.selenium.NoSuchElementException: no such element: Unable to locate element: {&quot;method&quot;:&quot;id&quot;,&quot;selector&quot;:&quot;new-sale&quot;}
  (Session info: chrome=61.0.3163.100)
  (Driver info: chromedriver=2.32.498550 (9dec58e66c31bcc53a9ce3c7226f0c1c5810906a),platform=Windows NT 10.0.15063 x86_64) (WARNING: The server did not provide any stacktrace information)
Command duration or timeout: 24 milliseconds
For documentation on this error, please visit: http://seleniumhq.org/exceptions/no_such_element.html
Build info: version: &apos;2.53.1&apos;, revision: &apos;a36b8b1cd5757287168e54b817830adce9b0158d&apos;, time: &apos;2016-06-30 19:26:09&apos;
System info: host: &apos;ChethanBidare-pc&apos;, ip: &apos;172.16.18.226&apos;, os.name: &apos;Windows 10&apos;, os.arch: &apos;amd64&apos;, os.version: &apos;10.0&apos;, java.version: &apos;1.8.0_144&apos;
Driver info: org.openqa.selenium.chrome.ChromeDriver
Capabilities [{applicationCacheEnabled=false, rotatable=false, mobileEmulationEnabled=false, networkConnectionEnabled=false, chrome={chromedriverVersion=2.32.498550 (9dec58e66c31bcc53a9ce3c7226f0c1c5810906a), userDataDir=C:\Users\User1\AppData\Local\Temp\scoped_dir4028_21127}, takesHeapSnapshot=true, pageLoadStrategy=normal, databaseEnabled=false, handlesAlerts=true, hasTouchScreen=false, version=61.0.3163.100, platform=XP, browserConnectionEnabled=false, nativeEvents=true, acceptSslCerts=true, locationContextEnabled=true, webStorageEnabled=true, browserName=chrome, takesScreenshot=true, javascriptEnabled=true, cssSelectorsEnabled=true, setWindowRect=true, unexpectedAlertBehaviour=}]
Session ID: 7fe11d66e82ec4486f1c22ccbbcdbe3d
*** Element info: {Using=id, value=new-sale}
	at org.openqa.selenium.remote.ErrorHandler.createThrowable(ErrorHandler.java:206)
	at org.openqa.selenium.remote.ErrorHandler.throwIfResponseFailed(ErrorHandler.java:158)
	at org.openqa.selenium.remote.RemoteWebDriver.execute(RemoteWebDriver.java:678)
	at org.openqa.selenium.remote.RemoteWebDriver.findElement(RemoteWebDriver.java:363)
	at org.openqa.selenium.remote.RemoteWebDriver.findElementById(RemoteWebDriver.java:413)
	at org.openqa.selenium.By$ById.findElement(By.java:218)
	at org.openqa.selenium.remote.RemoteWebDriver.findElement(RemoteWebDriver.java:355)
	at org.openqa.selenium.support.pagefactory.DefaultElementLocator.findElement(DefaultElementLocator.java:69)
	at org.openqa.selenium.support.pagefactory.internal.LocatingElementHandler.invoke(LocatingElementHandler.java:38)
	at com.sun.proxy.$Proxy8.sendKeys(Unknown Source)
	at com.Ecolite_Web.UI_Actions.Dashboard.StartSale(Dashboard.java:97)
	at com.Ecolite_Web.Ecolite_Sales.TC_013_VerifyAddNewBatch.VerifyAddNewBatch(TC_013_VerifyAddNewBatch.java:30)
... Removed 32 stack frames
</div> <!-- stack-trace -->
                </div> <!-- method-content -->
              </div> <!-- method -->
            </div> <!-- main-panel-content rounded-window-bottom -->
          </div> <!-- suite-Sales_Regression_Suite-class-failed -->
          <div class="suite-Sales_Regression_Suite-class-failed">
            <div class="main-panel-header rounded-window-top">
              <img src="failed.png"/>
              <span class="class-name">com.Ecolite_Web.Ecolite_Sales.TC_005_VerifyDeletionOfItemsInCartPage</span>
            </div> <!-- main-panel-header rounded-window-top -->
            <div class="main-panel-content rounded-window-bottom">
              <div class="method">
                <div class="method-content">
                  <a name="VerifyDeleteOptionInCart">
                  </a> <!-- VerifyDeleteOptionInCart -->
                  <span class="method-name">VerifyDeleteOptionInCart</span>
                  <div class="stack-trace">org.openqa.selenium.NoSuchElementException: no such element: Unable to locate element: {&quot;method&quot;:&quot;id&quot;,&quot;selector&quot;:&quot;new-sale&quot;}
  (Session info: chrome=61.0.3163.100)
  (Driver info: chromedriver=2.32.498550 (9dec58e66c31bcc53a9ce3c7226f0c1c5810906a),platform=Windows NT 10.0.15063 x86_64) (WARNING: The server did not provide any stacktrace information)
Command duration or timeout: 30 milliseconds
For documentation on this error, please visit: http://seleniumhq.org/exceptions/no_such_element.html
Build info: version: &apos;2.53.1&apos;, revision: &apos;a36b8b1cd5757287168e54b817830adce9b0158d&apos;, time: &apos;2016-06-30 19:26:09&apos;
System info: host: &apos;ChethanBidare-pc&apos;, ip: &apos;172.16.18.226&apos;, os.name: &apos;Windows 10&apos;, os.arch: &apos;amd64&apos;, os.version: &apos;10.0&apos;, java.version: &apos;1.8.0_144&apos;
Driver info: org.openqa.selenium.chrome.ChromeDriver
Capabilities [{applicationCacheEnabled=false, rotatable=false, mobileEmulationEnabled=false, networkConnectionEnabled=false, chrome={chromedriverVersion=2.32.498550 (9dec58e66c31bcc53a9ce3c7226f0c1c5810906a), userDataDir=C:\Users\User1\AppData\Local\Temp\scoped_dir3220_21814}, takesHeapSnapshot=true, pageLoadStrategy=normal, databaseEnabled=false, handlesAlerts=true, hasTouchScreen=false, version=61.0.3163.100, platform=XP, browserConnectionEnabled=false, nativeEvents=true, acceptSslCerts=true, locationContextEnabled=true, webStorageEnabled=true, browserName=chrome, takesScreenshot=true, javascriptEnabled=true, cssSelectorsEnabled=true, setWindowRect=true, unexpectedAlertBehaviour=}]
Session ID: d0e049e0ec778f2003deb218b1d3418b
*** Element info: {Using=id, value=new-sale}
	at org.openqa.selenium.remote.ErrorHandler.createThrowable(ErrorHandler.java:206)
	at org.openqa.selenium.remote.ErrorHandler.throwIfResponseFailed(ErrorHandler.java:158)
	at org.openqa.selenium.remote.RemoteWebDriver.execute(RemoteWebDriver.java:678)
	at org.openqa.selenium.remote.RemoteWebDriver.findElement(RemoteWebDriver.java:363)
	at org.openqa.selenium.remote.RemoteWebDriver.findElementById(RemoteWebDriver.java:413)
	at org.openqa.selenium.By$ById.findElement(By.java:218)
	at org.openqa.selenium.remote.RemoteWebDriver.findElement(RemoteWebDriver.java:355)
	at org.openqa.selenium.support.pagefactory.DefaultElementLocator.findElement(DefaultElementLocator.java:69)
	at org.openqa.selenium.support.pagefactory.internal.LocatingElementHandler.invoke(LocatingElementHandler.java:38)
	at com.sun.proxy.$Proxy8.sendKeys(Unknown Source)
	at com.Ecolite_Web.UI_Actions.Dashboard.StartSale(Dashboard.java:97)
	at com.Ecolite_Web.Ecolite_Sales.TC_005_VerifyDeletionOfItemsInCartPage.VerifyDeleteOptionInCart(TC_005_VerifyDeletionOfItemsInCartPage.java:28)
... Removed 32 stack frames
</div> <!-- stack-trace -->
                </div> <!-- method-content -->
              </div> <!-- method -->
            </div> <!-- main-panel-content rounded-window-bottom -->
          </div> <!-- suite-Sales_Regression_Suite-class-failed -->
          <div class="suite-Sales_Regression_Suite-class-failed">
            <div class="main-panel-header rounded-window-top">
              <img src="failed.png"/>
              <span class="class-name">com.Ecolite_Web.Ecolite_Sales.TC_014_VerifySalesStart</span>
            </div> <!-- main-panel-header rounded-window-top -->
            <div class="main-panel-content rounded-window-bottom">
              <div class="method">
                <div class="method-content">
                  <a name="VerifySalesStart">
                  </a> <!-- VerifySalesStart -->
                  <span class="method-name">VerifySalesStart</span>
                  <div class="stack-trace">org.openqa.selenium.NoSuchElementException: no such element: Unable to locate element: {&quot;method&quot;:&quot;id&quot;,&quot;selector&quot;:&quot;new-sale&quot;}
  (Session info: chrome=61.0.3163.100)
  (Driver info: chromedriver=2.32.498550 (9dec58e66c31bcc53a9ce3c7226f0c1c5810906a),platform=Windows NT 10.0.15063 x86_64) (WARNING: The server did not provide any stacktrace information)
Command duration or timeout: 27 milliseconds
For documentation on this error, please visit: http://seleniumhq.org/exceptions/no_such_element.html
Build info: version: &apos;2.53.1&apos;, revision: &apos;a36b8b1cd5757287168e54b817830adce9b0158d&apos;, time: &apos;2016-06-30 19:26:09&apos;
System info: host: &apos;ChethanBidare-pc&apos;, ip: &apos;172.16.18.226&apos;, os.name: &apos;Windows 10&apos;, os.arch: &apos;amd64&apos;, os.version: &apos;10.0&apos;, java.version: &apos;1.8.0_144&apos;
Driver info: org.openqa.selenium.chrome.ChromeDriver
Capabilities [{applicationCacheEnabled=false, rotatable=false, mobileEmulationEnabled=false, networkConnectionEnabled=false, chrome={chromedriverVersion=2.32.498550 (9dec58e66c31bcc53a9ce3c7226f0c1c5810906a), userDataDir=C:\Users\User1\AppData\Local\Temp\scoped_dir8868_21602}, takesHeapSnapshot=true, pageLoadStrategy=normal, databaseEnabled=false, handlesAlerts=true, hasTouchScreen=false, version=61.0.3163.100, platform=XP, browserConnectionEnabled=false, nativeEvents=true, acceptSslCerts=true, locationContextEnabled=true, webStorageEnabled=true, browserName=chrome, takesScreenshot=true, javascriptEnabled=true, cssSelectorsEnabled=true, setWindowRect=true, unexpectedAlertBehaviour=}]
Session ID: 1ca37ff3b3f7fc23f07c113fb3336e35
*** Element info: {Using=id, value=new-sale}
	at org.openqa.selenium.remote.ErrorHandler.createThrowable(ErrorHandler.java:206)
	at org.openqa.selenium.remote.ErrorHandler.throwIfResponseFailed(ErrorHandler.java:158)
	at org.openqa.selenium.remote.RemoteWebDriver.execute(RemoteWebDriver.java:678)
	at org.openqa.selenium.remote.RemoteWebDriver.findElement(RemoteWebDriver.java:363)
	at org.openqa.selenium.remote.RemoteWebDriver.findElementById(RemoteWebDriver.java:413)
	at org.openqa.selenium.By$ById.findElement(By.java:218)
	at org.openqa.selenium.remote.RemoteWebDriver.findElement(RemoteWebDriver.java:355)
	at org.openqa.selenium.support.pagefactory.DefaultElementLocator.findElement(DefaultElementLocator.java:69)
	at org.openqa.selenium.support.pagefactory.internal.LocatingElementHandler.invoke(LocatingElementHandler.java:38)
	at com.sun.proxy.$Proxy8.sendKeys(Unknown Source)
	at com.Ecolite_Web.UI_Actions.Dashboard.StartSale(Dashboard.java:97)
	at com.Ecolite_Web.Ecolite_Sales.TC_014_VerifySalesStart.VerifySalesStart(TC_014_VerifySalesStart.java:31)
... Removed 32 stack frames
</div> <!-- stack-trace -->
                </div> <!-- method-content -->
              </div> <!-- method -->
            </div> <!-- main-panel-content rounded-window-bottom -->
          </div> <!-- suite-Sales_Regression_Suite-class-failed -->
          <div class="suite-Sales_Regression_Suite-class-failed">
            <div class="main-panel-header rounded-window-top">
              <img src="failed.png"/>
              <span class="class-name">com.Ecolite_Web.Ecolite_Sales.TC_007_VerifyHighestMRPisDisplayed</span>
            </div> <!-- main-panel-header rounded-window-top -->
            <div class="main-panel-content rounded-window-bottom">
              <div class="method">
                <div class="method-content">
                  <a name="TC_007_verifyHighestMRPisDisplayed">
                  </a> <!-- TC_007_verifyHighestMRPisDisplayed -->
                  <span class="method-name">TC_007_verifyHighestMRPisDisplayed</span>
                  <div class="stack-trace">org.openqa.selenium.NoSuchElementException: no such element: Unable to locate element: {&quot;method&quot;:&quot;id&quot;,&quot;selector&quot;:&quot;new-sale&quot;}
  (Session info: chrome=61.0.3163.100)
  (Driver info: chromedriver=2.32.498550 (9dec58e66c31bcc53a9ce3c7226f0c1c5810906a),platform=Windows NT 10.0.15063 x86_64) (WARNING: The server did not provide any stacktrace information)
Command duration or timeout: 33 milliseconds
For documentation on this error, please visit: http://seleniumhq.org/exceptions/no_such_element.html
Build info: version: &apos;2.53.1&apos;, revision: &apos;a36b8b1cd5757287168e54b817830adce9b0158d&apos;, time: &apos;2016-06-30 19:26:09&apos;
System info: host: &apos;ChethanBidare-pc&apos;, ip: &apos;172.16.18.226&apos;, os.name: &apos;Windows 10&apos;, os.arch: &apos;amd64&apos;, os.version: &apos;10.0&apos;, java.version: &apos;1.8.0_144&apos;
Driver info: org.openqa.selenium.chrome.ChromeDriver
Capabilities [{applicationCacheEnabled=false, rotatable=false, mobileEmulationEnabled=false, networkConnectionEnabled=false, chrome={chromedriverVersion=2.32.498550 (9dec58e66c31bcc53a9ce3c7226f0c1c5810906a), userDataDir=C:\Users\User1\AppData\Local\Temp\scoped_dir2852_6532}, takesHeapSnapshot=true, pageLoadStrategy=normal, databaseEnabled=false, handlesAlerts=true, hasTouchScreen=false, version=61.0.3163.100, platform=XP, browserConnectionEnabled=false, nativeEvents=true, acceptSslCerts=true, locationContextEnabled=true, webStorageEnabled=true, browserName=chrome, takesScreenshot=true, javascriptEnabled=true, cssSelectorsEnabled=true, setWindowRect=true, unexpectedAlertBehaviour=}]
Session ID: d621192360fad5bac28a042c0bbd0471
*** Element info: {Using=id, value=new-sale}
	at org.openqa.selenium.remote.ErrorHandler.createThrowable(ErrorHandler.java:206)
	at org.openqa.selenium.remote.ErrorHandler.throwIfResponseFailed(ErrorHandler.java:158)
	at org.openqa.selenium.remote.RemoteWebDriver.execute(RemoteWebDriver.java:678)
	at org.openqa.selenium.remote.RemoteWebDriver.findElement(RemoteWebDriver.java:363)
	at org.openqa.selenium.remote.RemoteWebDriver.findElementById(RemoteWebDriver.java:413)
	at org.openqa.selenium.By$ById.findElement(By.java:218)
	at org.openqa.selenium.remote.RemoteWebDriver.findElement(RemoteWebDriver.java:355)
	at org.openqa.selenium.support.pagefactory.DefaultElementLocator.findElement(DefaultElementLocator.java:69)
	at org.openqa.selenium.support.pagefactory.internal.LocatingElementHandler.invoke(LocatingElementHandler.java:38)
	at com.sun.proxy.$Proxy8.sendKeys(Unknown Source)
	at com.Ecolite_Web.UI_Actions.Dashboard.StartSale(Dashboard.java:97)
	at com.Ecolite_Web.Ecolite_Sales.TC_007_VerifyHighestMRPisDisplayed.TC_007_verifyHighestMRPisDisplayed(TC_007_VerifyHighestMRPisDisplayed.java:29)
... Removed 32 stack frames
</div> <!-- stack-trace -->
                </div> <!-- method-content -->
              </div> <!-- method -->
            </div> <!-- main-panel-content rounded-window-bottom -->
          </div> <!-- suite-Sales_Regression_Suite-class-failed -->
        </div> <!-- panel Sales_Regression_Suite -->
        <div panel-name="test-xml-Sales_Regression_Suite" class="panel">
          <div class="main-panel-header rounded-window-top">
            <span class="header-content">E:\workspace\Ecolite_Web\testng.xml</span>
          </div> <!-- main-panel-header rounded-window-top -->
          <div class="main-panel-content rounded-window-bottom">
            <pre>
&lt;?xml version=&quot;1.0&quot; encoding=&quot;UTF-8&quot;?&gt;
&lt;!DOCTYPE suite SYSTEM &quot;http://testng.org/testng-1.0.dtd&quot;&gt;
&lt;suite guice-stage=&quot;DEVELOPMENT&quot; verbose=&quot;0&quot; name=&quot;Sales Regression Suite&quot;&gt;
  &lt;listeners&gt;
    &lt;listener class-name=&quot;com.Ecolite_Web.Listeners.Listeners&quot;/&gt;
  &lt;/listeners&gt;
  &lt;test name=&quot;Test&quot;&gt;
    &lt;classes&gt;
      &lt;class name=&quot;com.Ecolite_Web.Ecolite_Sales.TC_001_VerifyItemsAddedIsPresentInCart&quot;/&gt;
      &lt;class name=&quot;com.Ecolite_Web.Ecolite_Sales.TC_002_VerifyCustomerNameInCartPage&quot;/&gt;
      &lt;class name=&quot;com.Ecolite_Web.Ecolite_Sales.TC_003_VerifyCustomerNameInCheckOutPage&quot;/&gt;
      &lt;class name=&quot;com.Ecolite_Web.Ecolite_Sales.TC_004_VerifyStockAfterSale&quot;/&gt;
      &lt;class name=&quot;com.Ecolite_Web.Ecolite_Sales.TC_005_VerifyDeletionOfItemsInCartPage&quot;/&gt;
      &lt;class name=&quot;com.Ecolite_Web.Ecolite_Sales.TC_006_VerifyTotalAmtWithItemPrice&quot;/&gt;
      &lt;class name=&quot;com.Ecolite_Web.Ecolite_Sales.TC_007_VerifyHighestMRPisDisplayed&quot;/&gt;
      &lt;class name=&quot;com.Ecolite_Web.Ecolite_Sales.TC_008_VerifyTotalItemsCount&quot;/&gt;
      &lt;class name=&quot;com.Ecolite_Web.Ecolite_Sales.TC_009_VerifyTotalAmountInCheckOutPage&quot;/&gt;
      &lt;class name=&quot;com.Ecolite_Web.Ecolite_Sales.TC_010_VerifyPaymentMode_Cash&quot;/&gt;
      &lt;class name=&quot;com.Ecolite_Web.Ecolite_Sales.TC_011_VerifyPaymentMode_Card&quot;/&gt;
      &lt;class name=&quot;com.Ecolite_Web.Ecolite_Sales.TC_012_VerifyStockDisplayedIsCorrect&quot;/&gt;
      &lt;class name=&quot;com.Ecolite_Web.Ecolite_Sales.TC_013_VerifyAddNewBatch&quot;/&gt;
      &lt;class name=&quot;com.Ecolite_Web.Ecolite_Sales.TC_014_VerifySalesStart&quot;/&gt;
      &lt;class name=&quot;com.Ecolite_Web.Ecolite_Sales.TC_015_VerifySalesAfterAddNewBatch&quot;/&gt;
    &lt;/classes&gt;
  &lt;/test&gt; &lt;!-- Test --&gt;
&lt;/suite&gt; &lt;!-- Sales Regression Suite --&gt;
            </pre>
          </div> <!-- main-panel-content rounded-window-bottom -->
        </div> <!-- panel -->
        <div panel-name="testlist-Sales_Regression_Suite" class="panel">
          <div class="main-panel-header rounded-window-top">
            <span class="header-content">Tests for Sales Regression Suite</span>
          </div> <!-- main-panel-header rounded-window-top -->
          <div class="main-panel-content rounded-window-bottom">
            <ul>
              <li>
                <span class="test-name">Test (15 classes)</span>
              </li>
            </ul>
          </div> <!-- main-panel-content rounded-window-bottom -->
        </div> <!-- panel -->
        <div panel-name="group-Sales_Regression_Suite" class="panel">
          <div class="main-panel-header rounded-window-top">
            <span class="header-content">Groups for Sales Regression Suite</span>
          </div> <!-- main-panel-header rounded-window-top -->
          <div class="main-panel-content rounded-window-bottom">
          </div> <!-- main-panel-content rounded-window-bottom -->
        </div> <!-- panel -->
        <div panel-name="times-Sales_Regression_Suite" class="panel">
          <div class="main-panel-header rounded-window-top">
            <span class="header-content">Times for Sales Regression Suite</span>
          </div> <!-- main-panel-header rounded-window-top -->
          <div class="main-panel-content rounded-window-bottom">
            <div class="times-div">
              <script type="text/javascript">
suiteTableInitFunctions.push('tableData_Sales_Regression_Suite');
function tableData_Sales_Regression_Suite() {
var data = new google.visualization.DataTable();
data.addColumn('number', 'Number');
data.addColumn('string', 'Method');
data.addColumn('string', 'Class');
data.addColumn('number', 'Time (ms)');
data.addRows(16);
data.setCell(0, 0, 0)
data.setCell(0, 1, 'CheckItemsAddedToCart')
data.setCell(0, 2, 'com.Ecolite_Web.Ecolite_Sales.TC_001_VerifyItemsAddedIsPresentInCart')
data.setCell(0, 3, 9214);
data.setCell(1, 0, 1)
data.setCell(1, 1, 'VerifySalesAfterAddNewBatch')
data.setCell(1, 2, 'com.Ecolite_Web.Ecolite_Sales.TC_015_VerifySalesAfterAddNewBatch')
data.setCell(1, 3, 7882);
data.setCell(2, 0, 2)
data.setCell(2, 1, 'VerifyItemCount')
data.setCell(2, 2, 'com.Ecolite_Web.Ecolite_Sales.TC_008_VerifyTotalItemsCount')
data.setCell(2, 3, 7783);
data.setCell(3, 0, 3)
data.setCell(3, 1, 'VerifySalesStart')
data.setCell(3, 2, 'com.Ecolite_Web.Ecolite_Sales.TC_014_VerifySalesStart')
data.setCell(3, 3, 1920);
data.setCell(4, 0, 4)
data.setCell(4, 1, 'VerifyPaymentMode_Card')
data.setCell(4, 2, 'com.Ecolite_Web.Ecolite_Sales.TC_011_VerifyPaymentMode_Card')
data.setCell(4, 3, 1799);
data.setCell(5, 0, 5)
data.setCell(5, 1, 'VerifyStockAfterSale')
data.setCell(5, 2, 'com.Ecolite_Web.Ecolite_Sales.TC_004_VerifyStockAfterSale')
data.setCell(5, 3, 1787);
data.setCell(6, 0, 6)
data.setCell(6, 1, 'VerifyTotalAmount')
data.setCell(6, 2, 'com.Ecolite_Web.Ecolite_Sales.TC_009_VerifyTotalAmountInCheckOutPage')
data.setCell(6, 3, 1785);
data.setCell(7, 0, 7)
data.setCell(7, 1, 'VerifyPaymentMode_Cash')
data.setCell(7, 2, 'com.Ecolite_Web.Ecolite_Sales.TC_010_VerifyPaymentMode_Cash')
data.setCell(7, 3, 1769);
data.setCell(8, 0, 8)
data.setCell(8, 1, 'VerifyDeleteOptionInCart')
data.setCell(8, 2, 'com.Ecolite_Web.Ecolite_Sales.TC_005_VerifyDeletionOfItemsInCartPage')
data.setCell(8, 3, 1762);
data.setCell(9, 0, 9)
data.setCell(9, 1, 'VerifyCustomerNameInCartPag')
data.setCell(9, 2, 'com.Ecolite_Web.Ecolite_Sales.TC_002_VerifyCustomerNameInCartPage')
data.setCell(9, 3, 1714);
data.setCell(10, 0, 10)
data.setCell(10, 1, 'VerifyAddNewBatch')
data.setCell(10, 2, 'com.Ecolite_Web.Ecolite_Sales.TC_013_VerifyAddNewBatch')
data.setCell(10, 3, 1699);
data.setCell(11, 0, 11)
data.setCell(11, 1, 'VerifyTotalAmtinCheckOutPage')
data.setCell(11, 2, 'com.Ecolite_Web.Ecolite_Sales.TC_006_VerifyTotalAmtWithItemPrice')
data.setCell(11, 3, 1697);
data.setCell(12, 0, 12)
data.setCell(12, 1, 'VerifyCustomerNameInCartPag')
data.setCell(12, 2, 'com.Ecolite_Web.Ecolite_Sales.TC_003_VerifyCustomerNameInCheckOutPage')
data.setCell(12, 3, 1683);
data.setCell(13, 0, 13)
data.setCell(13, 1, 'VerifyStockDisplayedIsCorrect')
data.setCell(13, 2, 'com.Ecolite_Web.Ecolite_Sales.TC_012_VerifyStockDisplayedIsCorrect')
data.setCell(13, 3, 1657);
data.setCell(14, 0, 14)
data.setCell(14, 1, 'TC_007_verifyHighestMRPisDisplayed')
data.setCell(14, 2, 'com.Ecolite_Web.Ecolite_Sales.TC_007_VerifyHighestMRPisDisplayed')
data.setCell(14, 3, 1648);
data.setCell(15, 0, 15)
data.setCell(15, 1, 'VerifyStockDisplayedIsCorrect')
data.setCell(15, 2, 'com.Ecolite_Web.Ecolite_Sales.TC_012_VerifyStockDisplayedIsCorrect')
data.setCell(15, 3, 1498);
window.suiteTableData['Sales_Regression_Suite']= { tableData: data, tableDiv: 'times-div-Sales_Regression_Suite'}
return data;
}
              </script>
              <span class="suite-total-time">Total running time: 47 seconds</span>
              <div id="times-div-Sales_Regression_Suite">
              </div> <!-- times-div-Sales_Regression_Suite -->
            </div> <!-- times-div -->
          </div> <!-- main-panel-content rounded-window-bottom -->
        </div> <!-- panel -->
        <div panel-name="reporter-Sales_Regression_Suite" class="panel">
          <div class="main-panel-header rounded-window-top">
            <span class="header-content">Reporter output for Sales Regression Suite</span>
          </div> <!-- main-panel-header rounded-window-top -->
          <div class="main-panel-content rounded-window-bottom">
            <div class="reporter-method-div">
              <span class="reporter-method-name">VerifyCustomerNameInCartPag(8147519664, 000999, VEENA)</span>
              <div class="reporter-method-output-div">
                <span class="reporter-method-output"><a href='E:\workspace\Ecolite_Web\src\main\java\com\Ecolite_Web\ScreenShots\FailureScreenshots\VerifyCustomerNameInCartPag_2017_10_286_12_10_723.png' ><img src = 'E:\workspace\Ecolite_Web\src\main\java\com\Ecolite_Web\ScreenShots\FailureScreenshots\VerifyCustomerNameInCartPag_2017_10_286_12_10_723.png' hieght='100' width='100' /></a></span>
              </div> <!-- reporter-method-output-div -->
            </div> <!-- reporter-method-div -->
            <div class="reporter-method-div">
              <span class="reporter-method-name">VerifyTotalAmtinCheckOutPage</span>
              <div class="reporter-method-output-div">
                <span class="reporter-method-output"><a href='E:\workspace\Ecolite_Web\src\main\java\com\Ecolite_Web\ScreenShots\FailureScreenshots\VerifyTotalAmtinCheckOutPage_2017_10_286_12_10_449.png' ><img src = 'E:\workspace\Ecolite_Web\src\main\java\com\Ecolite_Web\ScreenShots\FailureScreenshots\VerifyTotalAmtinCheckOutPage_2017_10_286_12_10_449.png' hieght='100' width='100' /></a></span>
              </div> <!-- reporter-method-output-div -->
            </div> <!-- reporter-method-div -->
            <div class="reporter-method-div">
              <span class="reporter-method-name">VerifyItemCount</span>
              <div class="reporter-method-output-div">
                <span class="reporter-method-output"><a href='E:\workspace\Ecolite_Web\src\main\java\com\Ecolite_Web\ScreenShots\FailureScreenshots\VerifyItemCount_2017_10_286_12_10_217.png' ><img src = 'E:\workspace\Ecolite_Web\src\main\java\com\Ecolite_Web\ScreenShots\FailureScreenshots\VerifyItemCount_2017_10_286_12_10_217.png' hieght='100' width='100' /></a></span>
              </div> <!-- reporter-method-output-div -->
            </div> <!-- reporter-method-div -->
            <div class="reporter-method-div">
              <span class="reporter-method-name">VerifyPaymentMode_Card</span>
              <div class="reporter-method-output-div">
                <span class="reporter-method-output"><a href='E:\workspace\Ecolite_Web\src\main\java\com\Ecolite_Web\ScreenShots\FailureScreenshots\VerifyPaymentMode_Card_2017_10_286_12_10_675.png' ><img src = 'E:\workspace\Ecolite_Web\src\main\java\com\Ecolite_Web\ScreenShots\FailureScreenshots\VerifyPaymentMode_Card_2017_10_286_12_10_675.png' hieght='100' width='100' /></a></span>
              </div> <!-- reporter-method-output-div -->
            </div> <!-- reporter-method-div -->
            <div class="reporter-method-div">
              <span class="reporter-method-name">VerifyStockDisplayedIsCorrect(ROMSON FLATUS ADULT TUBE, 4)</span>
              <div class="reporter-method-output-div">
                <span class="reporter-method-output"><a href='E:\workspace\Ecolite_Web\src\main\java\com\Ecolite_Web\ScreenShots\FailureScreenshots\VerifyStockDisplayedIsCorrect_2017_10_286_12_10_201.png' ><img src = 'E:\workspace\Ecolite_Web\src\main\java\com\Ecolite_Web\ScreenShots\FailureScreenshots\VerifyStockDisplayedIsCorrect_2017_10_286_12_10_201.png' hieght='100' width='100' /></a></span>
              </div> <!-- reporter-method-output-div -->
            </div> <!-- reporter-method-div -->
            <div class="reporter-method-div">
              <span class="reporter-method-name">VerifyAddNewBatch</span>
              <div class="reporter-method-output-div">
                <span class="reporter-method-output"><a href='E:\workspace\Ecolite_Web\src\main\java\com\Ecolite_Web\ScreenShots\FailureScreenshots\VerifyAddNewBatch_2017_10_286_12_10_480.png' ><img src = 'E:\workspace\Ecolite_Web\src\main\java\com\Ecolite_Web\ScreenShots\FailureScreenshots\VerifyAddNewBatch_2017_10_286_12_10_480.png' hieght='100' width='100' /></a></span>
              </div> <!-- reporter-method-output-div -->
            </div> <!-- reporter-method-div -->
            <div class="reporter-method-div">
              <span class="reporter-method-name">VerifyDeleteOptionInCart</span>
              <div class="reporter-method-output-div">
                <span class="reporter-method-output"><a href='E:\workspace\Ecolite_Web\src\main\java\com\Ecolite_Web\ScreenShots\FailureScreenshots\VerifyDeleteOptionInCart_2017_10_286_12_10_767.png' ><img src = 'E:\workspace\Ecolite_Web\src\main\java\com\Ecolite_Web\ScreenShots\FailureScreenshots\VerifyDeleteOptionInCart_2017_10_286_12_10_767.png' hieght='100' width='100' /></a></span>
              </div> <!-- reporter-method-output-div -->
            </div> <!-- reporter-method-div -->
            <div class="reporter-method-div">
              <span class="reporter-method-name">VerifyStockAfterSale</span>
              <div class="reporter-method-output-div">
                <span class="reporter-method-output"><a href='E:\workspace\Ecolite_Web\src\main\java\com\Ecolite_Web\ScreenShots\FailureScreenshots\VerifyStockAfterSale_2017_10_286_12_10_981.png' ><img src = 'E:\workspace\Ecolite_Web\src\main\java\com\Ecolite_Web\ScreenShots\FailureScreenshots\VerifyStockAfterSale_2017_10_286_12_10_981.png' hieght='100' width='100' /></a></span>
              </div> <!-- reporter-method-output-div -->
            </div> <!-- reporter-method-div -->
            <div class="reporter-method-div">
              <span class="reporter-method-name">VerifySalesStart</span>
              <div class="reporter-method-output-div">
                <span class="reporter-method-output"><a href='E:\workspace\Ecolite_Web\src\main\java\com\Ecolite_Web\ScreenShots\FailureScreenshots\VerifySalesStart_2017_10_286_12_10_247.png' ><img src = 'E:\workspace\Ecolite_Web\src\main\java\com\Ecolite_Web\ScreenShots\FailureScreenshots\VerifySalesStart_2017_10_286_12_10_247.png' hieght='100' width='100' /></a></span>
              </div> <!-- reporter-method-output-div -->
            </div> <!-- reporter-method-div -->
            <div class="reporter-method-div">
              <span class="reporter-method-name">VerifyCustomerNameInCartPag(8147519664, 000999, VEENA)</span>
              <div class="reporter-method-output-div">
                <span class="reporter-method-output"><a href='E:\workspace\Ecolite_Web\src\main\java\com\Ecolite_Web\ScreenShots\FailureScreenshots\VerifyCustomerNameInCartPag_2017_10_286_12_10_319.png' ><img src = 'E:\workspace\Ecolite_Web\src\main\java\com\Ecolite_Web\ScreenShots\FailureScreenshots\VerifyCustomerNameInCartPag_2017_10_286_12_10_319.png' hieght='100' width='100' /></a></span>
              </div> <!-- reporter-method-output-div -->
            </div> <!-- reporter-method-div -->
            <div class="reporter-method-div">
              <span class="reporter-method-name">VerifyTotalAmount</span>
              <div class="reporter-method-output-div">
                <span class="reporter-method-output"><a href='E:\workspace\Ecolite_Web\src\main\java\com\Ecolite_Web\ScreenShots\FailureScreenshots\VerifyTotalAmount_2017_10_286_12_10_85.png' ><img src = 'E:\workspace\Ecolite_Web\src\main\java\com\Ecolite_Web\ScreenShots\FailureScreenshots\VerifyTotalAmount_2017_10_286_12_10_85.png' hieght='100' width='100' /></a></span>
              </div> <!-- reporter-method-output-div -->
            </div> <!-- reporter-method-div -->
            <div class="reporter-method-div">
              <span class="reporter-method-name">CheckItemsAddedToCart</span>
              <div class="reporter-method-output-div">
                <span class="reporter-method-output"><a href='E:\workspace\Ecolite_Web\src\main\java\com\Ecolite_Web\ScreenShots\FailureScreenshots\CheckItemsAddedToCart_2017_10_286_12_10_528.png' ><img src = 'E:\workspace\Ecolite_Web\src\main\java\com\Ecolite_Web\ScreenShots\FailureScreenshots\CheckItemsAddedToCart_2017_10_286_12_10_528.png' hieght='100' width='100' /></a></span>
              </div> <!-- reporter-method-output-div -->
            </div> <!-- reporter-method-div -->
            <div class="reporter-method-div">
              <span class="reporter-method-name">VerifyStockDisplayedIsCorrect(Arza 15mg Tab, 2)</span>
              <div class="reporter-method-output-div">
                <span class="reporter-method-output"><a href='E:\workspace\Ecolite_Web\src\main\java\com\Ecolite_Web\ScreenShots\FailureScreenshots\VerifyStockDisplayedIsCorrect_2017_10_286_12_10_64.png' ><img src = 'E:\workspace\Ecolite_Web\src\main\java\com\Ecolite_Web\ScreenShots\FailureScreenshots\VerifyStockDisplayedIsCorrect_2017_10_286_12_10_64.png' hieght='100' width='100' /></a></span>
              </div> <!-- reporter-method-output-div -->
            </div> <!-- reporter-method-div -->
            <div class="reporter-method-div">
              <span class="reporter-method-name">TC_007_verifyHighestMRPisDisplayed</span>
              <div class="reporter-method-output-div">
                <span class="reporter-method-output"><a href='E:\workspace\Ecolite_Web\src\main\java\com\Ecolite_Web\ScreenShots\FailureScreenshots\TC_007_verifyHighestMRPisDisplayed_2017_10_286_12_10_354.png' ><img src = 'E:\workspace\Ecolite_Web\src\main\java\com\Ecolite_Web\ScreenShots\FailureScreenshots\TC_007_verifyHighestMRPisDisplayed_2017_10_286_12_10_354.png' hieght='100' width='100' /></a></span>
              </div> <!-- reporter-method-output-div -->
            </div> <!-- reporter-method-div -->
            <div class="reporter-method-div">
              <span class="reporter-method-name">VerifySalesAfterAddNewBatch</span>
              <div class="reporter-method-output-div">
                <span class="reporter-method-output"><a href='E:\workspace\Ecolite_Web\src\main\java\com\Ecolite_Web\ScreenShots\FailureScreenshots\VerifySalesAfterAddNewBatch_2017_10_286_12_10_517.png' ><img src = 'E:\workspace\Ecolite_Web\src\main\java\com\Ecolite_Web\ScreenShots\FailureScreenshots\VerifySalesAfterAddNewBatch_2017_10_286_12_10_517.png' hieght='100' width='100' /></a></span>
              </div> <!-- reporter-method-output-div -->
            </div> <!-- reporter-method-div -->
            <div class="reporter-method-div">
              <span class="reporter-method-name">VerifyPaymentMode_Cash</span>
              <div class="reporter-method-output-div">
                <span class="reporter-method-output"><a href='E:\workspace\Ecolite_Web\src\main\java\com\Ecolite_Web\ScreenShots\FailureScreenshots\VerifyPaymentMode_Cash_2017_10_286_12_10_794.png' ><img src = 'E:\workspace\Ecolite_Web\src\main\java\com\Ecolite_Web\ScreenShots\FailureScreenshots\VerifyPaymentMode_Cash_2017_10_286_12_10_794.png' hieght='100' width='100' /></a></span>
              </div> <!-- reporter-method-output-div -->
            </div> <!-- reporter-method-div -->
          </div> <!-- main-panel-content rounded-window-bottom -->
        </div> <!-- panel -->
        <div panel-name="ignored-methods-Sales_Regression_Suite" class="panel">
          <div class="main-panel-header rounded-window-top">
            <span class="header-content">0 ignored methods</span>
          </div> <!-- main-panel-header rounded-window-top -->
          <div class="main-panel-content rounded-window-bottom">
          </div> <!-- main-panel-content rounded-window-bottom -->
        </div> <!-- panel -->
        <div panel-name="chronological-Sales_Regression_Suite" class="panel">
          <div class="main-panel-header rounded-window-top">
            <span class="header-content">Methods in chronological order</span>
          </div> <!-- main-panel-header rounded-window-top -->
          <div class="main-panel-content rounded-window-bottom">
            <div class="chronological-class">
              <div class="chronological-class-name">com.Ecolite_Web.Ecolite_Sales.TC_001_VerifyItemsAddedIsPresentInCart</div> <!-- chronological-class-name -->
              <div class="configuration-class before">
                <span class="method-name">Setup</span>
                <span class="method-start">0 ms</span>
              </div> <!-- configuration-class before -->
              <div class="configuration-method before">
                <span class="method-name">beforeMethod(public void com.Ecolite_Web.Ecolite_Sales.TC_001_VerifyItemsAddedIsPresentInCart.CheckItemsAddedToCa...)</span>
                <span class="method-start">6074 ms</span>
              </div> <!-- configuration-method before -->
              <div class="test-method">
                <img src="failed.png">
                </img>
                <span class="method-name">CheckItemsAddedToCart</span>
                <span class="method-start">6077 ms</span>
              </div> <!-- test-method -->
              <div class="configuration-class after">
                <span class="method-name">endTest</span>
                <span class="method-start">15681 ms</span>
              </div> <!-- configuration-class after -->
              <div class="configuration-method after">
                <span class="method-name">getMethod([TestResult name=CheckItemsAddedToCart status=FAILURE method=TC_001_VerifyItemsAddedIsPresentInCart....)</span>
                <span class="method-start">15681 ms</span>
              </div> <!-- configuration-method after -->
            </div> <!-- chronological-class -->
            <div class="chronological-class">
              <div class="chronological-class-name">com.Ecolite_Web.Ecolite_Sales.TC_002_VerifyCustomerNameInCartPage</div> <!-- chronological-class-name -->
              <div class="configuration-class before">
                <span class="method-name">Setup</span>
                <span class="method-start">16027 ms</span>
              </div> <!-- configuration-class before -->
              <div class="configuration-method before">
                <span class="method-name">beforeMethod(public void com.Ecolite_Web.Ecolite_Sales.TC_002_VerifyCustomerNameInCartPage.VerifyCustomerNameInCa...)</span>
                <span class="method-start">21781 ms</span>
              </div> <!-- configuration-method before -->
              <div class="test-method">
                <img src="failed.png">
                </img>
                <span class="method-name">VerifyCustomerNameInCartPag(8147519664, 000999, VEENA)</span>
                <span class="method-start">21782 ms</span>
              </div> <!-- test-method -->
              <div class="configuration-class after">
                <span class="method-name">endTest</span>
                <span class="method-start">23863 ms</span>
              </div> <!-- configuration-class after -->
              <div class="configuration-method after">
                <span class="method-name">getMethod([TestResult name=VerifyCustomerNameInCartPag status=FAILURE method=TC_002_VerifyCustomerNameInCartPa...)</span>
                <span class="method-start">23863 ms</span>
              </div> <!-- configuration-method after -->
            </div> <!-- chronological-class -->
            <div class="chronological-class">
              <div class="chronological-class-name">com.Ecolite_Web.Ecolite_Sales.TC_003_VerifyCustomerNameInCheckOutPage</div> <!-- chronological-class-name -->
              <div class="configuration-class before">
                <span class="method-name">Setup</span>
                <span class="method-start">24087 ms</span>
              </div> <!-- configuration-class before -->
              <div class="test-method">
                <img src="failed.png">
                </img>
                <span class="method-name">VerifyCustomerNameInCartPag(8147519664, 000999, VEENA)</span>
                <span class="method-start">29409 ms</span>
              </div> <!-- test-method -->
              <div class="configuration-method before">
                <span class="method-name">beforeMethod(public void com.Ecolite_Web.Ecolite_Sales.TC_003_VerifyCustomerNameInCheckOutPage.VerifyCustomerName...)</span>
                <span class="method-start">29409 ms</span>
              </div> <!-- configuration-method before -->
              <div class="configuration-method after">
                <span class="method-name">getMethod([TestResult name=VerifyCustomerNameInCartPag status=FAILURE method=TC_003_VerifyCustomerNameInCheckO...)</span>
                <span class="method-start">31496 ms</span>
              </div> <!-- configuration-method after -->
              <div class="configuration-class after">
                <span class="method-name">endTest</span>
                <span class="method-start">31497 ms</span>
              </div> <!-- configuration-class after -->
            </div> <!-- chronological-class -->
            <div class="chronological-class">
              <div class="chronological-class-name">com.Ecolite_Web.Ecolite_Sales.TC_004_VerifyStockAfterSale</div> <!-- chronological-class-name -->
              <div class="configuration-class before">
                <span class="method-name">Setup</span>
                <span class="method-start">31726 ms</span>
              </div> <!-- configuration-class before -->
              <div class="test-method">
                <img src="failed.png">
                </img>
                <span class="method-name">VerifyStockAfterSale</span>
                <span class="method-start">36967 ms</span>
              </div> <!-- test-method -->
              <div class="configuration-method before">
                <span class="method-name">beforeMethod(public void com.Ecolite_Web.Ecolite_Sales.TC_004_VerifyStockAfterSale.VerifyStockAfterSale() throws ...)</span>
                <span class="method-start">36967 ms</span>
              </div> <!-- configuration-method before -->
              <div class="configuration-class after">
                <span class="method-name">endTest</span>
                <span class="method-start">39149 ms</span>
              </div> <!-- configuration-class after -->
              <div class="configuration-method after">
                <span class="method-name">getMethod([TestResult name=VerifyStockAfterSale status=FAILURE method=TC_004_VerifyStockAfterSale.VerifyStockA...)</span>
                <span class="method-start">39149 ms</span>
              </div> <!-- configuration-method after -->
            </div> <!-- chronological-class -->
            <div class="chronological-class">
              <div class="chronological-class-name">com.Ecolite_Web.Ecolite_Sales.TC_005_VerifyDeletionOfItemsInCartPage</div> <!-- chronological-class-name -->
              <div class="configuration-class before">
                <span class="method-name">Setup</span>
                <span class="method-start">39466 ms</span>
              </div> <!-- configuration-class before -->
              <div class="test-method">
                <img src="failed.png">
                </img>
                <span class="method-name">VerifyDeleteOptionInCart</span>
                <span class="method-start">44779 ms</span>
              </div> <!-- test-method -->
              <div class="configuration-method before">
                <span class="method-name">beforeMethod(public void com.Ecolite_Web.Ecolite_Sales.TC_005_VerifyDeletionOfItemsInCartPage.VerifyDeleteOptionI...)</span>
                <span class="method-start">44779 ms</span>
              </div> <!-- configuration-method before -->
              <div class="configuration-class after">
                <span class="method-name">endTest</span>
                <span class="method-start">46960 ms</span>
              </div> <!-- configuration-class after -->
              <div class="configuration-method after">
                <span class="method-name">getMethod([TestResult name=VerifyDeleteOptionInCart status=FAILURE method=TC_005_VerifyDeletionOfItemsInCartPa...)</span>
                <span class="method-start">46960 ms</span>
              </div> <!-- configuration-method after -->
            </div> <!-- chronological-class -->
            <div class="chronological-class">
              <div class="chronological-class-name">com.Ecolite_Web.Ecolite_Sales.TC_006_VerifyTotalAmtWithItemPrice</div> <!-- chronological-class-name -->
              <div class="configuration-class before">
                <span class="method-name">Setup</span>
                <span class="method-start">47225 ms</span>
              </div> <!-- configuration-class before -->
              <div class="test-method">
                <img src="failed.png">
                </img>
                <span class="method-name">VerifyTotalAmtinCheckOutPage</span>
                <span class="method-start">53526 ms</span>
              </div> <!-- test-method -->
              <div class="configuration-method before">
                <span class="method-name">beforeMethod(public void com.Ecolite_Web.Ecolite_Sales.TC_006_VerifyTotalAmtWithItemPrice.VerifyTotalAmtinCheckOu...)</span>
                <span class="method-start">53526 ms</span>
              </div> <!-- configuration-method before -->
              <div class="configuration-method after">
                <span class="method-name">getMethod([TestResult name=VerifyTotalAmtinCheckOutPage status=FAILURE method=TC_006_VerifyTotalAmtWithItemPri...)</span>
                <span class="method-start">55608 ms</span>
              </div> <!-- configuration-method after -->
              <div class="configuration-class after">
                <span class="method-name">endTest</span>
                <span class="method-start">55609 ms</span>
              </div> <!-- configuration-class after -->
            </div> <!-- chronological-class -->
            <div class="chronological-class">
              <div class="chronological-class-name">com.Ecolite_Web.Ecolite_Sales.TC_007_VerifyHighestMRPisDisplayed</div> <!-- chronological-class-name -->
              <div class="configuration-class before">
                <span class="method-name">Setup</span>
                <span class="method-start">55839 ms</span>
              </div> <!-- configuration-class before -->
              <div class="test-method">
                <img src="failed.png">
                </img>
                <span class="method-name">TC_007_verifyHighestMRPisDisplayed</span>
                <span class="method-start">61478 ms</span>
              </div> <!-- test-method -->
              <div class="configuration-method before">
                <span class="method-name">beforeMethod(public void com.Ecolite_Web.Ecolite_Sales.TC_007_VerifyHighestMRPisDisplayed.TC_007_verifyHighestMRP...)</span>
                <span class="method-start">61478 ms</span>
              </div> <!-- configuration-method before -->
              <div class="configuration-class after">
                <span class="method-name">endTest</span>
                <span class="method-start">63507 ms</span>
              </div> <!-- configuration-class after -->
              <div class="configuration-method after">
                <span class="method-name">getMethod([TestResult name=TC_007_verifyHighestMRPisDisplayed status=FAILURE method=TC_007_VerifyHighestMRPisD...)</span>
                <span class="method-start">63507 ms</span>
              </div> <!-- configuration-method after -->
            </div> <!-- chronological-class -->
            <div class="chronological-class">
              <div class="chronological-class-name">com.Ecolite_Web.Ecolite_Sales.TC_008_VerifyTotalItemsCount</div> <!-- chronological-class-name -->
              <div class="configuration-class before">
                <span class="method-name">Setup</span>
                <span class="method-start">63742 ms</span>
              </div> <!-- configuration-class before -->
              <div class="test-method">
                <img src="failed.png">
                </img>
                <span class="method-name">VerifyItemCount</span>
                <span class="method-start">69207 ms</span>
              </div> <!-- test-method -->
              <div class="configuration-method before">
                <span class="method-name">beforeMethod(public void com.Ecolite_Web.Ecolite_Sales.TC_008_VerifyTotalItemsCount.VerifyItemCount() throws java...)</span>
                <span class="method-start">69207 ms</span>
              </div> <!-- configuration-method before -->
              <div class="configuration-class after">
                <span class="method-name">endTest</span>
                <span class="method-start">77385 ms</span>
              </div> <!-- configuration-class after -->
              <div class="configuration-method after">
                <span class="method-name">getMethod([TestResult name=VerifyItemCount status=FAILURE method=TC_008_VerifyTotalItemsCount.VerifyItemCount(...)</span>
                <span class="method-start">77385 ms</span>
              </div> <!-- configuration-method after -->
            </div> <!-- chronological-class -->
            <div class="chronological-class">
              <div class="chronological-class-name">com.Ecolite_Web.Ecolite_Sales.TC_009_VerifyTotalAmountInCheckOutPage</div> <!-- chronological-class-name -->
              <div class="configuration-class before">
                <span class="method-name">Setup</span>
                <span class="method-start">77572 ms</span>
              </div> <!-- configuration-class before -->
              <div class="test-method">
                <img src="failed.png">
                </img>
                <span class="method-name">VerifyTotalAmount</span>
                <span class="method-start">83073 ms</span>
              </div> <!-- test-method -->
              <div class="configuration-method before">
                <span class="method-name">beforeMethod(public void com.Ecolite_Web.Ecolite_Sales.TC_009_VerifyTotalAmountInCheckOutPage.VerifyTotalAmount()...)</span>
                <span class="method-start">83073 ms</span>
              </div> <!-- configuration-method before -->
              <div class="configuration-class after">
                <span class="method-name">endTest</span>
                <span class="method-start">85221 ms</span>
              </div> <!-- configuration-class after -->
              <div class="configuration-method after">
                <span class="method-name">getMethod([TestResult name=VerifyTotalAmount status=FAILURE method=TC_009_VerifyTotalAmountInCheckOutPage.Veri...)</span>
                <span class="method-start">85221 ms</span>
              </div> <!-- configuration-method after -->
            </div> <!-- chronological-class -->
            <div class="chronological-class">
              <div class="chronological-class-name">com.Ecolite_Web.Ecolite_Sales.TC_010_VerifyPaymentMode_Cash</div> <!-- chronological-class-name -->
              <div class="configuration-class before">
                <span class="method-name">Setup</span>
                <span class="method-start">85455 ms</span>
              </div> <!-- configuration-class before -->
              <div class="configuration-method before">
                <span class="method-name">beforeMethod(public void com.Ecolite_Web.Ecolite_Sales.TC_010_VerifyPaymentMode_Cash.VerifyPaymentMode_Cash() thr...)</span>
                <span class="method-start">90798 ms</span>
              </div> <!-- configuration-method before -->
              <div class="test-method">
                <img src="failed.png">
                </img>
                <span class="method-name">VerifyPaymentMode_Cash</span>
                <span class="method-start">90799 ms</span>
              </div> <!-- test-method -->
              <div class="configuration-method after">
                <span class="method-name">getMethod([TestResult name=VerifyPaymentMode_Cash status=FAILURE method=TC_010_VerifyPaymentMode_Cash.VerifyPa...)</span>
                <span class="method-start">92941 ms</span>
              </div> <!-- configuration-method after -->
              <div class="configuration-class after">
                <span class="method-name">endTest</span>
                <span class="method-start">92942 ms</span>
              </div> <!-- configuration-class after -->
            </div> <!-- chronological-class -->
            <div class="chronological-class">
              <div class="chronological-class-name">com.Ecolite_Web.Ecolite_Sales.TC_011_VerifyPaymentMode_Card</div> <!-- chronological-class-name -->
              <div class="configuration-class before">
                <span class="method-name">Setup</span>
                <span class="method-start">93229 ms</span>
              </div> <!-- configuration-class before -->
              <div class="test-method">
                <img src="failed.png">
                </img>
                <span class="method-name">VerifyPaymentMode_Card</span>
                <span class="method-start">98649 ms</span>
              </div> <!-- test-method -->
              <div class="configuration-method before">
                <span class="method-name">beforeMethod(public void com.Ecolite_Web.Ecolite_Sales.TC_011_VerifyPaymentMode_Card.VerifyPaymentMode_Card() thr...)</span>
                <span class="method-start">98649 ms</span>
              </div> <!-- configuration-method before -->
              <div class="configuration-class after">
                <span class="method-name">endTest</span>
                <span class="method-start">100787 ms</span>
              </div> <!-- configuration-class after -->
              <div class="configuration-method after">
                <span class="method-name">getMethod([TestResult name=VerifyPaymentMode_Card status=FAILURE method=TC_011_VerifyPaymentMode_Card.VerifyPa...)</span>
                <span class="method-start">100787 ms</span>
              </div> <!-- configuration-method after -->
            </div> <!-- chronological-class -->
            <div class="chronological-class">
              <div class="chronological-class-name">com.Ecolite_Web.Ecolite_Sales.TC_012_VerifyStockDisplayedIsCorrect</div> <!-- chronological-class-name -->
              <div class="configuration-class before">
                <span class="method-name">Setup</span>
                <span class="method-start">101003 ms</span>
              </div> <!-- configuration-class before -->
              <div class="test-method">
                <img src="failed.png">
                </img>
                <span class="method-name">VerifyStockDisplayedIsCorrect(ROMSON FLATUS ADULT TUBE, 4)</span>
                <span class="method-start">106318 ms</span>
              </div> <!-- test-method -->
              <div class="configuration-method before">
                <span class="method-name">beforeMethod(public void com.Ecolite_Web.Ecolite_Sales.TC_012_VerifyStockDisplayedIsCorrect.VerifyStockDisplayedI...)</span>
                <span class="method-start">106318 ms</span>
              </div> <!-- configuration-method before -->
              <div class="test-method">
                <img src="failed.png">
                </img>
                <span class="method-name">VerifyStockDisplayedIsCorrect(Arza 15mg Tab, 2)</span>
                <span class="method-start">108340 ms</span>
              </div> <!-- test-method -->
              <div class="configuration-method before">
                <span class="method-name">beforeMethod(public void com.Ecolite_Web.Ecolite_Sales.TC_012_VerifyStockDisplayedIsCorrect.VerifyStockDisplayedI...)</span>
                <span class="method-start">108340 ms</span>
              </div> <!-- configuration-method before -->
              <div class="configuration-method after">
                <span class="method-name">getMethod([TestResult name=VerifyStockDisplayedIsCorrect status=FAILURE method=TC_012_VerifyStockDisplayedIsCo...)</span>
                <span class="method-start">108340 ms</span>
              </div> <!-- configuration-method after -->
              <div class="configuration-method after">
                <span class="method-name">getMethod([TestResult name=VerifyStockDisplayedIsCorrect status=FAILURE method=TC_012_VerifyStockDisplayedIsCo...)</span>
                <span class="method-start">110155 ms</span>
              </div> <!-- configuration-method after -->
              <div class="configuration-class after">
                <span class="method-name">endTest</span>
                <span class="method-start">110156 ms</span>
              </div> <!-- configuration-class after -->
            </div> <!-- chronological-class -->
            <div class="chronological-class">
              <div class="chronological-class-name">com.Ecolite_Web.Ecolite_Sales.TC_013_VerifyAddNewBatch</div> <!-- chronological-class-name -->
              <div class="configuration-class before">
                <span class="method-name">Setup</span>
                <span class="method-start">110378 ms</span>
              </div> <!-- configuration-class before -->
              <div class="test-method">
                <img src="failed.png">
                </img>
                <span class="method-name">VerifyAddNewBatch</span>
                <span class="method-start">115555 ms</span>
              </div> <!-- test-method -->
              <div class="configuration-method before">
                <span class="method-name">beforeMethod(public void com.Ecolite_Web.Ecolite_Sales.TC_013_VerifyAddNewBatch.VerifyAddNewBatch() throws java.l...)</span>
                <span class="method-start">115555 ms</span>
              </div> <!-- configuration-method before -->
              <div class="configuration-class after">
                <span class="method-name">endTest</span>
                <span class="method-start">117651 ms</span>
              </div> <!-- configuration-class after -->
              <div class="configuration-method after">
                <span class="method-name">getMethod([TestResult name=VerifyAddNewBatch status=FAILURE method=TC_013_VerifyAddNewBatch.VerifyAddNewBatch(...)</span>
                <span class="method-start">117651 ms</span>
              </div> <!-- configuration-method after -->
            </div> <!-- chronological-class -->
            <div class="chronological-class">
              <div class="chronological-class-name">com.Ecolite_Web.Ecolite_Sales.TC_014_VerifySalesStart</div> <!-- chronological-class-name -->
              <div class="configuration-class before">
                <span class="method-name">Setup</span>
                <span class="method-start">117826 ms</span>
              </div> <!-- configuration-class before -->
              <div class="test-method">
                <img src="failed.png">
                </img>
                <span class="method-name">VerifySalesStart</span>
                <span class="method-start">124100 ms</span>
              </div> <!-- test-method -->
              <div class="configuration-method before">
                <span class="method-name">beforeMethod(public void com.Ecolite_Web.Ecolite_Sales.TC_014_VerifySalesStart.VerifySalesStart())</span>
                <span class="method-start">124100 ms</span>
              </div> <!-- configuration-method before -->
              <div class="configuration-class after">
                <span class="method-name">endTest</span>
                <span class="method-start">126412 ms</span>
              </div> <!-- configuration-class after -->
              <div class="configuration-method after">
                <span class="method-name">getMethod([TestResult name=VerifySalesStart status=FAILURE method=TC_014_VerifySalesStart.VerifySalesStart()[p...)</span>
                <span class="method-start">126412 ms</span>
              </div> <!-- configuration-method after -->
            </div> <!-- chronological-class -->
            <div class="chronological-class">
              <div class="chronological-class-name">com.Ecolite_Web.Ecolite_Sales.TC_015_VerifySalesAfterAddNewBatch</div> <!-- chronological-class-name -->
              <div class="configuration-class before">
                <span class="method-name">Setup</span>
                <span class="method-start">128779 ms</span>
              </div> <!-- configuration-class before -->
              <div class="test-method">
                <img src="failed.png">
                </img>
                <span class="method-name">VerifySalesAfterAddNewBatch</span>
                <span class="method-start">134407 ms</span>
              </div> <!-- test-method -->
              <div class="configuration-method before">
                <span class="method-name">beforeMethod(public void com.Ecolite_Web.Ecolite_Sales.TC_015_VerifySalesAfterAddNewBatch.VerifySalesAfterAddNewB...)</span>
                <span class="method-start">134407 ms</span>
              </div> <!-- configuration-method before -->
              <div class="configuration-class after">
                <span class="method-name">endTest</span>
                <span class="method-start">142646 ms</span>
              </div> <!-- configuration-class after -->
              <div class="configuration-method after">
                <span class="method-name">getMethod([TestResult name=VerifySalesAfterAddNewBatch status=FAILURE method=TC_015_VerifySalesAfterAddNewBatc...)</span>
                <span class="method-start">142646 ms</span>
              </div> <!-- configuration-method after -->
          </div> <!-- main-panel-content rounded-window-bottom -->
        </div> <!-- panel -->
      </div> <!-- main-panel-root -->
    </div> <!-- wrapper -->
  </body>
</html>
